[0.467s] DEBUG:colcon:Command line arguments: ['/usr/bin/colcon', 'build']
[0.468s] DEBUG:colcon:Parsed command line arguments: Namespace(log_base=None, log_level=None, verb_name='build', build_base='build', install_base='install', merge_install=False, symlink_install=False, test_result_base=None, continue_on_error=False, executor='parallel', parallel_workers=16, event_handlers=None, ignore_user_meta=False, metas=['./colcon.meta'], base_paths=['.'], packages_ignore=None, packages_ignore_regex=None, paths=None, packages_up_to=None, packages_up_to_regex=None, packages_above=None, packages_above_and_dependencies=None, packages_above_depth=None, packages_select_by_dep=None, packages_skip_by_dep=None, packages_skip_up_to=None, packages_select_build_failed=False, packages_skip_build_finished=False, packages_select_test_failures=False, packages_skip_test_passed=False, packages_select=None, packages_skip=None, packages_select_regex=None, packages_skip_regex=None, packages_start=None, packages_end=None, allow_overriding=[], cmake_args=None, cmake_target=None, cmake_target_skip_unavailable=False, cmake_clean_cache=False, cmake_clean_first=False, cmake_force_configure=False, ament_cmake_args=None, catkin_cmake_args=None, catkin_skip_building_tests=False, verb_parser=<colcon_defaults.argument_parser.defaults.DefaultArgumentsDecorator object at 0x7fe21cabc100>, verb_extension=<colcon_core.verb.build.BuildVerb object at 0x7fe21d28faf0>, main=<bound method BuildVerb.main of <colcon_core.verb.build.BuildVerb object at 0x7fe21d28faf0>>)
[0.495s] Level 1:colcon.colcon_core.package_discovery:discover_packages(colcon_meta) check parameters
[0.495s] Level 1:colcon.colcon_core.package_discovery:discover_packages(recursive) check parameters
[0.495s] Level 1:colcon.colcon_core.package_discovery:discover_packages(ignore) check parameters
[0.495s] Level 1:colcon.colcon_core.package_discovery:discover_packages(path) check parameters
[0.495s] Level 1:colcon.colcon_core.package_discovery:discover_packages(colcon_meta) discover
[0.495s] Level 1:colcon.colcon_core.package_discovery:discover_packages(recursive) discover
[0.495s] INFO:colcon.colcon_core.package_discovery:Crawling recursively for packages in '/home/nekr/ros2_ws/src/depth_stop'
[0.495s] Level 1:colcon.colcon_core.package_identification:_identify(.) by extensions ['ignore', 'ignore_ament_install']
[0.495s] Level 1:colcon.colcon_core.package_identification:_identify(.) by extension 'ignore'
[0.495s] Level 1:colcon.colcon_core.package_identification:_identify(.) by extension 'ignore_ament_install'
[0.495s] Level 1:colcon.colcon_core.package_identification:_identify(.) by extensions ['colcon_pkg']
[0.495s] Level 1:colcon.colcon_core.package_identification:_identify(.) by extension 'colcon_pkg'
[0.495s] Level 1:colcon.colcon_core.package_identification:_identify(.) by extensions ['colcon_meta']
[0.495s] Level 1:colcon.colcon_core.package_identification:_identify(.) by extension 'colcon_meta'
[0.495s] Level 1:colcon.colcon_core.package_identification:_identify(.) by extensions ['ros']
[0.496s] Level 1:colcon.colcon_core.package_identification:_identify(.) by extension 'ros'
[0.510s] DEBUG:colcon.colcon_core.package_identification:Package '.' with type 'ros.ament_python' and name 'depth_stop'
[0.510s] Level 1:colcon.colcon_core.package_discovery:discover_packages(recursive) using defaults
[0.510s] Level 1:colcon.colcon_core.package_discovery:discover_packages(ignore) discover
[0.510s] Level 1:colcon.colcon_core.package_discovery:discover_packages(ignore) using defaults
[0.510s] Level 1:colcon.colcon_core.package_discovery:discover_packages(path) discover
[0.510s] Level 1:colcon.colcon_core.package_discovery:discover_packages(path) using defaults
[0.535s] Level 1:colcon.colcon_core.package_discovery:discover_packages(prefix_path) check parameters
[0.535s] Level 1:colcon.colcon_core.package_discovery:discover_packages(prefix_path) discover
[0.538s] DEBUG:colcon.colcon_installed_package_information.package_discovery:Found 1 installed packages in /home/nekr/ros2_ws/src/lidar_stop/install
[0.539s] DEBUG:colcon.colcon_installed_package_information.package_discovery:Found 12 installed packages in /home/nekr/ws/install
[0.541s] DEBUG:colcon.colcon_installed_package_information.package_discovery:Found 288 installed packages in /opt/ros/humble
[0.543s] Level 1:colcon.colcon_core.package_discovery:discover_packages(prefix_path) using defaults
[0.610s] Level 5:colcon.colcon_core.verb:set package 'depth_stop' build argument 'cmake_args' from command line to 'None'
[0.610s] Level 5:colcon.colcon_core.verb:set package 'depth_stop' build argument 'cmake_target' from command line to 'None'
[0.610s] Level 5:colcon.colcon_core.verb:set package 'depth_stop' build argument 'cmake_target_skip_unavailable' from command line to 'False'
[0.610s] Level 5:colcon.colcon_core.verb:set package 'depth_stop' build argument 'cmake_clean_cache' from command line to 'False'
[0.610s] Level 5:colcon.colcon_core.verb:set package 'depth_stop' build argument 'cmake_clean_first' from command line to 'False'
[0.610s] Level 5:colcon.colcon_core.verb:set package 'depth_stop' build argument 'cmake_force_configure' from command line to 'False'
[0.610s] Level 5:colcon.colcon_core.verb:set package 'depth_stop' build argument 'ament_cmake_args' from command line to 'None'
[0.610s] Level 5:colcon.colcon_core.verb:set package 'depth_stop' build argument 'catkin_cmake_args' from command line to 'None'
[0.610s] Level 5:colcon.colcon_core.verb:set package 'depth_stop' build argument 'catkin_skip_building_tests' from command line to 'False'
[0.610s] DEBUG:colcon.colcon_core.verb:Building package 'depth_stop' with the following arguments: {'ament_cmake_args': None, 'build_base': '/home/nekr/ros2_ws/src/depth_stop/build/depth_stop', 'catkin_cmake_args': None, 'catkin_skip_building_tests': False, 'cmake_args': None, 'cmake_clean_cache': False, 'cmake_clean_first': False, 'cmake_force_configure': False, 'cmake_target': None, 'cmake_target_skip_unavailable': False, 'install_base': '/home/nekr/ros2_ws/src/depth_stop/install/depth_stop', 'merge_install': False, 'path': '/home/nekr/ros2_ws/src/depth_stop', 'symlink_install': False, 'test_result_base': None}
[0.611s] INFO:colcon.colcon_core.executor:Executing jobs using 'parallel' executor
[0.615s] DEBUG:colcon.colcon_parallel_executor.executor.parallel:run_until_complete
[0.615s] INFO:colcon.colcon_ros.task.ament_python.build:Building ROS package in '/home/nekr/ros2_ws/src/depth_stop' with build type 'ament_python'
[0.615s] Level 1:colcon.colcon_core.shell:create_environment_hook('depth_stop', 'ament_prefix_path')
[0.620s] INFO:colcon.colcon_core.plugin_system:Skipping extension 'colcon_core.shell.bat': Not used on non-Windows systems
[0.620s] INFO:colcon.colcon_core.shell:Creating environment hook '/home/nekr/ros2_ws/src/depth_stop/install/depth_stop/share/depth_stop/hook/ament_prefix_path.ps1'
[0.621s] INFO:colcon.colcon_core.shell:Creating environment descriptor '/home/nekr/ros2_ws/src/depth_stop/install/depth_stop/share/depth_stop/hook/ament_prefix_path.dsv'
[0.622s] INFO:colcon.colcon_core.shell:Creating environment hook '/home/nekr/ros2_ws/src/depth_stop/install/depth_stop/share/depth_stop/hook/ament_prefix_path.sh'
[0.623s] INFO:colcon.colcon_core.shell:Skip shell extension 'powershell' for command environment: Not usable outside of PowerShell
[0.623s] DEBUG:colcon.colcon_core.shell:Skip shell extension 'dsv' for command environment
[0.883s] INFO:colcon.colcon_core.task.python.build:Building Python package in '/home/nekr/ros2_ws/src/depth_stop'
[0.885s] INFO:colcon.colcon_core.shell:Skip shell extension 'powershell' for command environment: Not usable outside of PowerShell
[0.885s] DEBUG:colcon.colcon_core.shell:Skip shell extension 'dsv' for command environment
[1.226s] DEBUG:colcon.colcon_core.event_handler.log_command:Invoking command in '/home/nekr/ros2_ws/src/depth_stop': PYTHONPATH=/home/nekr/ros2_ws/src/depth_stop/build/depth_stop/prefix_override:/home/nekr/ros2_ws/src/depth_stop/install/depth_stop/lib/python3.10/site-packages:${PYTHONPATH} /usr/bin/python3 setup.py egg_info --egg-base build/depth_stop build --build-base /home/nekr/ros2_ws/src/depth_stop/build/depth_stop/build install --record /home/nekr/ros2_ws/src/depth_stop/build/depth_stop/install.log --single-version-externally-managed
[1.486s] DEBUG:colcon.colcon_core.event_handler.log_command:Invoked command in '/home/nekr/ros2_ws/src/depth_stop' returned '0': PYTHONPATH=/home/nekr/ros2_ws/src/depth_stop/build/depth_stop/prefix_override:/home/nekr/ros2_ws/src/depth_stop/install/depth_stop/lib/python3.10/site-packages:${PYTHONPATH} /usr/bin/python3 setup.py egg_info --egg-base build/depth_stop build --build-base /home/nekr/ros2_ws/src/depth_stop/build/depth_stop/build install --record /home/nekr/ros2_ws/src/depth_stop/build/depth_stop/install.log --single-version-externally-managed
[1.490s] Level 1:colcon.colcon_core.environment:checking '/home/nekr/ros2_ws/src/depth_stop/install/depth_stop' for CMake module files
[1.490s] Level 1:colcon.colcon_core.environment:checking '/home/nekr/ros2_ws/src/depth_stop/install/depth_stop' for CMake config files
[1.491s] Level 1:colcon.colcon_core.environment:checking '/home/nekr/ros2_ws/src/depth_stop/install/depth_stop/lib'
[1.491s] Level 1:colcon.colcon_core.environment:checking '/home/nekr/ros2_ws/src/depth_stop/install/depth_stop/bin'
[1.491s] Level 1:colcon.colcon_core.environment:checking '/home/nekr/ros2_ws/src/depth_stop/install/depth_stop/lib/pkgconfig/depth_stop.pc'
[1.492s] Level 1:colcon.colcon_core.environment:checking '/home/nekr/ros2_ws/src/depth_stop/install/depth_stop/lib/python3.10/site-packages'
[1.492s] Level 1:colcon.colcon_core.shell:create_environment_hook('depth_stop', 'pythonpath')
[1.493s] INFO:colcon.colcon_core.shell:Creating environment hook '/home/nekr/ros2_ws/src/depth_stop/install/depth_stop/share/depth_stop/hook/pythonpath.ps1'
[1.493s] INFO:colcon.colcon_core.shell:Creating environment descriptor '/home/nekr/ros2_ws/src/depth_stop/install/depth_stop/share/depth_stop/hook/pythonpath.dsv'
[1.493s] INFO:colcon.colcon_core.shell:Creating environment hook '/home/nekr/ros2_ws/src/depth_stop/install/depth_stop/share/depth_stop/hook/pythonpath.sh'
[1.494s] Level 1:colcon.colcon_core.environment:checking '/home/nekr/ros2_ws/src/depth_stop/install/depth_stop/bin'
[1.494s] Level 1:colcon.colcon_core.environment:create_environment_scripts_only(depth_stop)
[1.495s] INFO:colcon.colcon_core.shell:Creating package script '/home/nekr/ros2_ws/src/depth_stop/install/depth_stop/share/depth_stop/package.ps1'
[1.496s] INFO:colcon.colcon_core.shell:Creating package descriptor '/home/nekr/ros2_ws/src/depth_stop/install/depth_stop/share/depth_stop/package.dsv'
[1.497s] INFO:colcon.colcon_core.shell:Creating package script '/home/nekr/ros2_ws/src/depth_stop/install/depth_stop/share/depth_stop/package.sh'
[1.497s] INFO:colcon.colcon_core.shell:Creating package script '/home/nekr/ros2_ws/src/depth_stop/install/depth_stop/share/depth_stop/package.bash'
[1.498s] INFO:colcon.colcon_core.shell:Creating package script '/home/nekr/ros2_ws/src/depth_stop/install/depth_stop/share/depth_stop/package.zsh'
[1.498s] Level 1:colcon.colcon_core.environment:create_file_with_runtime_dependencies(/home/nekr/ros2_ws/src/depth_stop/install/depth_stop/share/colcon-core/packages/depth_stop)
[1.499s] DEBUG:colcon.colcon_parallel_executor.executor.parallel:closing loop
[1.499s] DEBUG:colcon.colcon_parallel_executor.executor.parallel:loop closed
[1.499s] DEBUG:colcon.colcon_parallel_executor.executor.parallel:run_until_complete finished with '0'
[1.499s] DEBUG:colcon.colcon_core.event_reactor:joining thread
[1.575s] INFO:colcon.colcon_core.plugin_system:Skipping extension 'colcon_notification.desktop_notification.notify_send': Could not find 'notify-send'
[1.575s] INFO:colcon.colcon_core.plugin_system:Skipping extension 'colcon_notification.desktop_notification.terminal_notifier': Not used on non-Darwin systems
[1.575s] INFO:colcon.colcon_core.plugin_system:Skipping extension 'colcon_notification.desktop_notification.win32': Not used on non-Windows systems
[1.575s] INFO:colcon.colcon_notification.desktop_notification:Sending desktop notification using 'notify2'
[1.575s] DEBUG:colcon.colcon_notification.desktop_notification.notify2:Failed to initialize notify2: org.freedesktop.DBus.Error.FileNotFound: Failed to connect to socket /run/user/1000/bus: No such file or directory
[1.575s] DEBUG:colcon.colcon_core.event_reactor:joined thread
[1.577s] INFO:colcon.colcon_core.shell:Creating prefix script '/home/nekr/ros2_ws/src/depth_stop/install/local_setup.ps1'
[1.578s] INFO:colcon.colcon_core.shell:Creating prefix util module '/home/nekr/ros2_ws/src/depth_stop/install/_local_setup_util_ps1.py'
[1.579s] INFO:colcon.colcon_core.shell:Creating prefix chain script '/home/nekr/ros2_ws/src/depth_stop/install/setup.ps1'
[1.580s] INFO:colcon.colcon_core.shell:Creating prefix script '/home/nekr/ros2_ws/src/depth_stop/install/local_setup.sh'
[1.581s] INFO:colcon.colcon_core.shell:Creating prefix util module '/home/nekr/ros2_ws/src/depth_stop/install/_local_setup_util_sh.py'
[1.581s] INFO:colcon.colcon_core.shell:Creating prefix chain script '/home/nekr/ros2_ws/src/depth_stop/install/setup.sh'
[1.582s] INFO:colcon.colcon_core.shell:Creating prefix script '/home/nekr/ros2_ws/src/depth_stop/install/local_setup.bash'
[1.583s] INFO:colcon.colcon_core.shell:Creating prefix chain script '/home/nekr/ros2_ws/src/depth_stop/install/setup.bash'
[1.584s] INFO:colcon.colcon_core.shell:Creating prefix script '/home/nekr/ros2_ws/src/depth_stop/install/local_setup.zsh'
[1.584s] INFO:colcon.colcon_core.shell:Creating prefix chain script '/home/nekr/ros2_ws/src/depth_stop/install/setup.zsh'
