[0.668s] Invoking command in '/home/nekr/ros2_ws/src/circle_movement': PYTHONPATH=/home/nekr/ros2_ws/src/circle_movement/build/circle_movement/prefix_override:/home/nekr/ros2_ws/src/circle_movement/install/circle_movement/lib/python3.10/site-packages:${PYTHONPATH} /usr/bin/python3 setup.py egg_info --egg-base build/circle_movement build --build-base /home/nekr/ros2_ws/src/circle_movement/build/circle_movement/build install --record /home/nekr/ros2_ws/src/circle_movement/build/circle_movement/install.log --single-version-externally-managed
[0.886s] running egg_info
[0.886s] writing build/circle_movement/circle_movement.egg-info/PKG-INFO
[0.887s] writing dependency_links to build/circle_movement/circle_movement.egg-info/dependency_links.txt
[0.887s] writing entry points to build/circle_movement/circle_movement.egg-info/entry_points.txt
[0.887s] writing requirements to build/circle_movement/circle_movement.egg-info/requires.txt
[0.887s] writing top-level names to build/circle_movement/circle_movement.egg-info/top_level.txt
[0.889s] reading manifest file 'build/circle_movement/circle_movement.egg-info/SOURCES.txt'
[0.890s] writing manifest file 'build/circle_movement/circle_movement.egg-info/SOURCES.txt'
[0.890s] running build
[0.890s] running build_py
[0.890s] copying circle_movement/circle_movement_5.4_.py -> /home/nekr/ros2_ws/src/circle_movement/build/circle_movement/build/lib/circle_movement
[0.890s] copying circle_movement/circle_movement.py -> /home/nekr/ros2_ws/src/circle_movement/build/circle_movement/build/lib/circle_movement
[0.891s] running install
[0.891s] /usr/lib/python3/dist-packages/setuptools/command/install.py:34: SetuptoolsDeprecationWarning: setup.py install is deprecated. Use build and pip and other standards-based tools.
[0.891s]   warnings.warn(
[0.892s] running install_lib
[0.892s] copying /home/nekr/ros2_ws/src/circle_movement/build/circle_movement/build/lib/circle_movement/circle_movement_5.4_.py -> /home/nekr/ros2_ws/src/circle_movement/install/circle_movement/lib/python3.10/site-packages/circle_movement
[0.892s] copying /home/nekr/ros2_ws/src/circle_movement/build/circle_movement/build/lib/circle_movement/circle_movement.py -> /home/nekr/ros2_ws/src/circle_movement/install/circle_movement/lib/python3.10/site-packages/circle_movement
[0.893s] byte-compiling /home/nekr/ros2_ws/src/circle_movement/install/circle_movement/lib/python3.10/site-packages/circle_movement/circle_movement_5.4_.py to circle_movement_5.4_.cpython-310.pyc
[0.893s] byte-compiling /home/nekr/ros2_ws/src/circle_movement/install/circle_movement/lib/python3.10/site-packages/circle_movement/circle_movement.py to circle_movement.cpython-310.pyc
[0.894s] running install_data
[0.894s] running install_egg_info
[0.896s] removing '/home/nekr/ros2_ws/src/circle_movement/install/circle_movement/lib/python3.10/site-packages/circle_movement-0.0.0-py3.10.egg-info' (and everything under it)
[0.897s] Copying build/circle_movement/circle_movement.egg-info to /home/nekr/ros2_ws/src/circle_movement/install/circle_movement/lib/python3.10/site-packages/circle_movement-0.0.0-py3.10.egg-info
[0.898s] running install_scripts
[0.919s] Installing circle script to /home/nekr/ros2_ws/src/circle_movement/install/circle_movement/lib/circle_movement
[0.919s] writing list of installed files to '/home/nekr/ros2_ws/src/circle_movement/build/circle_movement/install.log'
[0.943s] Invoked command in '/home/nekr/ros2_ws/src/circle_movement' returned '0': PYTHONPATH=/home/nekr/ros2_ws/src/circle_movement/build/circle_movement/prefix_override:/home/nekr/ros2_ws/src/circle_movement/install/circle_movement/lib/python3.10/site-packages:${PYTHONPATH} /usr/bin/python3 setup.py egg_info --egg-base build/circle_movement build --build-base /home/nekr/ros2_ws/src/circle_movement/build/circle_movement/build install --record /home/nekr/ros2_ws/src/circle_movement/build/circle_movement/install.log --single-version-externally-managed
