running egg_info
writing build/circle_movement/circle_movement.egg-info/PKG-INFO
writing dependency_links to build/circle_movement/circle_movement.egg-info/dependency_links.txt
writing entry points to build/circle_movement/circle_movement.egg-info/entry_points.txt
writing requirements to build/circle_movement/circle_movement.egg-info/requires.txt
writing top-level names to build/circle_movement/circle_movement.egg-info/top_level.txt
reading manifest file 'build/circle_movement/circle_movement.egg-info/SOURCES.txt'
writing manifest file 'build/circle_movement/circle_movement.egg-info/SOURCES.txt'
running build
running build_py
copying circle_movement/circle_movement.py -> /home/nekr/ros2_ws/src/circle_movement/build/circle_movement/build/lib/circle_movement
running install
running install_lib
copying /home/nekr/ros2_ws/src/circle_movement/build/circle_movement/build/lib/circle_movement/circle_movement.py -> /home/nekr/ros2_ws/src/circle_movement/install/circle_movement/lib/python3.10/site-packages/circle_movement
byte-compiling /home/nekr/ros2_ws/src/circle_movement/install/circle_movement/lib/python3.10/site-packages/circle_movement/circle_movement.py to circle_movement.cpython-310.pyc
running install_data
running install_egg_info
removing '/home/nekr/ros2_ws/src/circle_movement/install/circle_movement/lib/python3.10/site-packages/circle_movement-0.0.0-py3.10.egg-info' (and everything under it)
Copying build/circle_movement/circle_movement.egg-info to /home/nekr/ros2_ws/src/circle_movement/install/circle_movement/lib/python3.10/site-packages/circle_movement-0.0.0-py3.10.egg-info
running install_scripts
Installing circle script to /home/nekr/ros2_ws/src/circle_movement/install/circle_movement/lib/circle_movement
writing list of installed files to '/home/nekr/ros2_ws/src/circle_movement/build/circle_movement/install.log'
