[0.939s] Invoking command in '/home/nekr/ros2_ws/src/depth_stop': PYTHONPATH=/home/nekr/ros2_ws/src/depth_stop/build/depth_stop/prefix_override:/home/nekr/ros2_ws/src/depth_stop/install/depth_stop/lib/python3.10/site-packages:${PYTHONPATH} /usr/bin/python3 setup.py egg_info --egg-base build/depth_stop build --build-base /home/nekr/ros2_ws/src/depth_stop/build/depth_stop/build install --record /home/nekr/ros2_ws/src/depth_stop/build/depth_stop/install.log --single-version-externally-managed
[1.200s] running egg_info
[1.201s] writing build/depth_stop/depth_stop.egg-info/PKG-INFO
[1.231s] writing dependency_links to build/depth_stop/depth_stop.egg-info/dependency_links.txt
[1.234s] writing entry points to build/depth_stop/depth_stop.egg-info/entry_points.txt
[1.234s] writing requirements to build/depth_stop/depth_stop.egg-info/requires.txt
[1.234s] writing top-level names to build/depth_stop/depth_stop.egg-info/top_level.txt
[1.240s] reading manifest file 'build/depth_stop/depth_stop.egg-info/SOURCES.txt'
[1.242s] writing manifest file 'build/depth_stop/depth_stop.egg-info/SOURCES.txt'
[1.242s] running build
[1.242s] running build_py
[1.247s] running install
[1.247s] /usr/lib/python3/dist-packages/setuptools/command/install.py:34: SetuptoolsDeprecationWarning: setup.py install is deprecated. Use build and pip and other standards-based tools.
[1.247s]   warnings.warn(
[1.248s] running install_lib
[1.252s] running install_data
[1.254s] running install_egg_info
[1.256s] removing '/home/nekr/ros2_ws/src/depth_stop/install/depth_stop/lib/python3.10/site-packages/depth_stop-0.0.0-py3.10.egg-info' (and everything under it)
[1.257s] Copying build/depth_stop/depth_stop.egg-info to /home/nekr/ros2_ws/src/depth_stop/install/depth_stop/lib/python3.10/site-packages/depth_stop-0.0.0-py3.10.egg-info
[1.260s] running install_scripts
[1.288s] Installing depth_stop script to /home/nekr/ros2_ws/src/depth_stop/install/depth_stop/lib/depth_stop
[1.289s] writing list of installed files to '/home/nekr/ros2_ws/src/depth_stop/build/depth_stop/install.log'
[1.351s] Invoked command in '/home/nekr/ros2_ws/src/depth_stop' returned '0': PYTHONPATH=/home/nekr/ros2_ws/src/depth_stop/build/depth_stop/prefix_override:/home/nekr/ros2_ws/src/depth_stop/install/depth_stop/lib/python3.10/site-packages:${PYTHONPATH} /usr/bin/python3 setup.py egg_info --egg-base build/depth_stop build --build-base /home/nekr/ros2_ws/src/depth_stop/build/depth_stop/build install --record /home/nekr/ros2_ws/src/depth_stop/build/depth_stop/install.log --single-version-externally-managed
