[0.458s] DEBUG:colcon:Command line arguments: ['/usr/bin/colcon', 'build']
[0.458s] DEBUG:colcon:Parsed command line arguments: Namespace(log_base=None, log_level=None, verb_name='build', build_base='build', install_base='install', merge_install=False, symlink_install=False, test_result_base=None, continue_on_error=False, executor='parallel', parallel_workers=16, event_handlers=None, ignore_user_meta=False, metas=['./colcon.meta'], base_paths=['.'], packages_ignore=None, packages_ignore_regex=None, paths=None, packages_up_to=None, packages_up_to_regex=None, packages_above=None, packages_above_and_dependencies=None, packages_above_depth=None, packages_select_by_dep=None, packages_skip_by_dep=None, packages_skip_up_to=None, packages_select_build_failed=False, packages_skip_build_finished=False, packages_select_test_failures=False, packages_skip_test_passed=False, packages_select=None, packages_skip=None, packages_select_regex=None, packages_skip_regex=None, packages_start=None, packages_end=None, allow_overriding=[], cmake_args=None, cmake_target=None, cmake_target_skip_unavailable=False, cmake_clean_cache=False, cmake_clean_first=False, cmake_force_configure=False, ament_cmake_args=None, catkin_cmake_args=None, catkin_skip_building_tests=False, verb_parser=<colcon_defaults.argument_parser.defaults.DefaultArgumentsDecorator object at 0x7f5f95388a60>, verb_extension=<colcon_core.verb.build.BuildVerb object at 0x7f5f95b67c70>, main=<bound method BuildVerb.main of <colcon_core.verb.build.BuildVerb object at 0x7f5f95b67c70>>)
[0.484s] Level 1:colcon.colcon_core.package_discovery:discover_packages(colcon_meta) check parameters
[0.484s] Level 1:colcon.colcon_core.package_discovery:discover_packages(recursive) check parameters
[0.484s] Level 1:colcon.colcon_core.package_discovery:discover_packages(ignore) check parameters
[0.484s] Level 1:colcon.colcon_core.package_discovery:discover_packages(path) check parameters
[0.484s] Level 1:colcon.colcon_core.package_discovery:discover_packages(colcon_meta) discover
[0.485s] Level 1:colcon.colcon_core.package_discovery:discover_packages(recursive) discover
[0.485s] INFO:colcon.colcon_core.package_discovery:Crawling recursively for packages in '/home/nekr/6/6.1/my_robot'
[0.485s] Level 1:colcon.colcon_core.package_identification:_identify(.) by extensions ['ignore', 'ignore_ament_install']
[0.485s] Level 1:colcon.colcon_core.package_identification:_identify(.) by extension 'ignore'
[0.485s] Level 1:colcon.colcon_core.package_identification:_identify(.) by extension 'ignore_ament_install'
[0.485s] Level 1:colcon.colcon_core.package_identification:_identify(.) by extensions ['colcon_pkg']
[0.485s] Level 1:colcon.colcon_core.package_identification:_identify(.) by extension 'colcon_pkg'
[0.485s] Level 1:colcon.colcon_core.package_identification:_identify(.) by extensions ['colcon_meta']
[0.485s] Level 1:colcon.colcon_core.package_identification:_identify(.) by extension 'colcon_meta'
[0.485s] Level 1:colcon.colcon_core.package_identification:_identify(.) by extensions ['ros']
[0.485s] Level 1:colcon.colcon_core.package_identification:_identify(.) by extension 'ros'
[0.497s] Level 1:colcon.colcon_core.package_identification:_identify(.) by extensions ['cmake', 'python']
[0.497s] Level 1:colcon.colcon_core.package_identification:_identify(.) by extension 'cmake'
[0.497s] Level 1:colcon.colcon_core.package_identification:_identify(.) by extension 'python'
[0.497s] Level 1:colcon.colcon_core.package_identification:_identify(.) by extensions ['python_setup_py']
[0.497s] Level 1:colcon.colcon_core.package_identification:_identify(.) by extension 'python_setup_py'
[0.497s] Level 1:colcon.colcon_core.package_identification:_identify(build) by extensions ['ignore', 'ignore_ament_install']
[0.497s] Level 1:colcon.colcon_core.package_identification:_identify(build) by extension 'ignore'
[0.497s] Level 1:colcon.colcon_core.package_identification:_identify(build) ignored
[0.497s] Level 1:colcon.colcon_core.package_identification:_identify(install) by extensions ['ignore', 'ignore_ament_install']
[0.497s] Level 1:colcon.colcon_core.package_identification:_identify(install) by extension 'ignore'
[0.497s] Level 1:colcon.colcon_core.package_identification:_identify(install) ignored
[0.497s] Level 1:colcon.colcon_core.package_identification:_identify(log) by extensions ['ignore', 'ignore_ament_install']
[0.497s] Level 1:colcon.colcon_core.package_identification:_identify(log) by extension 'ignore'
[0.498s] Level 1:colcon.colcon_core.package_identification:_identify(log) ignored
[0.498s] Level 1:colcon.colcon_core.package_identification:_identify(robot_app) by extensions ['ignore', 'ignore_ament_install']
[0.498s] Level 1:colcon.colcon_core.package_identification:_identify(robot_app) by extension 'ignore'
[0.498s] Level 1:colcon.colcon_core.package_identification:_identify(robot_app) by extension 'ignore_ament_install'
[0.498s] Level 1:colcon.colcon_core.package_identification:_identify(robot_app) by extensions ['colcon_pkg']
[0.498s] Level 1:colcon.colcon_core.package_identification:_identify(robot_app) by extension 'colcon_pkg'
[0.498s] Level 1:colcon.colcon_core.package_identification:_identify(robot_app) by extensions ['colcon_meta']
[0.498s] Level 1:colcon.colcon_core.package_identification:_identify(robot_app) by extension 'colcon_meta'
[0.498s] Level 1:colcon.colcon_core.package_identification:_identify(robot_app) by extensions ['ros']
[0.498s] Level 1:colcon.colcon_core.package_identification:_identify(robot_app) by extension 'ros'
[0.500s] DEBUG:colcon.colcon_core.package_identification:Package 'robot_app' with type 'ros.ament_cmake' and name 'robot_app'
[0.501s] Level 1:colcon.colcon_core.package_identification:_identify(robot_bringup) by extensions ['ignore', 'ignore_ament_install']
[0.501s] Level 1:colcon.colcon_core.package_identification:_identify(robot_bringup) by extension 'ignore'
[0.501s] Level 1:colcon.colcon_core.package_identification:_identify(robot_bringup) by extension 'ignore_ament_install'
[0.501s] Level 1:colcon.colcon_core.package_identification:_identify(robot_bringup) by extensions ['colcon_pkg']
[0.501s] Level 1:colcon.colcon_core.package_identification:_identify(robot_bringup) by extension 'colcon_pkg'
[0.501s] Level 1:colcon.colcon_core.package_identification:_identify(robot_bringup) by extensions ['colcon_meta']
[0.501s] Level 1:colcon.colcon_core.package_identification:_identify(robot_bringup) by extension 'colcon_meta'
[0.501s] Level 1:colcon.colcon_core.package_identification:_identify(robot_bringup) by extensions ['ros']
[0.501s] Level 1:colcon.colcon_core.package_identification:_identify(robot_bringup) by extension 'ros'
[0.501s] DEBUG:colcon.colcon_core.package_identification:Package 'robot_bringup' with type 'ros.ament_cmake' and name 'robot_bringup'
[0.502s] Level 1:colcon.colcon_core.package_identification:_identify(robot_description) by extensions ['ignore', 'ignore_ament_install']
[0.502s] Level 1:colcon.colcon_core.package_identification:_identify(robot_description) by extension 'ignore'
[0.502s] Level 1:colcon.colcon_core.package_identification:_identify(robot_description) by extension 'ignore_ament_install'
[0.502s] Level 1:colcon.colcon_core.package_identification:_identify(robot_description) by extensions ['colcon_pkg']
[0.502s] Level 1:colcon.colcon_core.package_identification:_identify(robot_description) by extension 'colcon_pkg'
[0.502s] Level 1:colcon.colcon_core.package_identification:_identify(robot_description) by extensions ['colcon_meta']
[0.502s] Level 1:colcon.colcon_core.package_identification:_identify(robot_description) by extension 'colcon_meta'
[0.502s] Level 1:colcon.colcon_core.package_identification:_identify(robot_description) by extensions ['ros']
[0.502s] Level 1:colcon.colcon_core.package_identification:_identify(robot_description) by extension 'ros'
[0.502s] DEBUG:colcon.colcon_core.package_identification:Package 'robot_description' with type 'ros.ament_cmake' and name 'robot_description'
[0.502s] Level 1:colcon.colcon_core.package_discovery:discover_packages(recursive) using defaults
[0.502s] Level 1:colcon.colcon_core.package_discovery:discover_packages(ignore) discover
[0.502s] Level 1:colcon.colcon_core.package_discovery:discover_packages(ignore) using defaults
[0.502s] Level 1:colcon.colcon_core.package_discovery:discover_packages(path) discover
[0.502s] Level 1:colcon.colcon_core.package_discovery:discover_packages(path) using defaults
[0.527s] Level 1:colcon.colcon_core.package_discovery:discover_packages(prefix_path) check parameters
[0.527s] Level 1:colcon.colcon_core.package_discovery:discover_packages(prefix_path) discover
[0.530s] DEBUG:colcon.colcon_installed_package_information.package_discovery:Found 8 installed packages in /home/nekr/template_ws_2/install
[0.531s] DEBUG:colcon.colcon_installed_package_information.package_discovery:Found 288 installed packages in /opt/ros/humble
[0.533s] Level 1:colcon.colcon_core.package_discovery:discover_packages(prefix_path) using defaults
[0.598s] Level 5:colcon.colcon_core.verb:set package 'robot_app' build argument 'cmake_args' from command line to 'None'
[0.598s] Level 5:colcon.colcon_core.verb:set package 'robot_app' build argument 'cmake_target' from command line to 'None'
[0.598s] Level 5:colcon.colcon_core.verb:set package 'robot_app' build argument 'cmake_target_skip_unavailable' from command line to 'False'
[0.598s] Level 5:colcon.colcon_core.verb:set package 'robot_app' build argument 'cmake_clean_cache' from command line to 'False'
[0.598s] Level 5:colcon.colcon_core.verb:set package 'robot_app' build argument 'cmake_clean_first' from command line to 'False'
[0.598s] Level 5:colcon.colcon_core.verb:set package 'robot_app' build argument 'cmake_force_configure' from command line to 'False'
[0.598s] Level 5:colcon.colcon_core.verb:set package 'robot_app' build argument 'ament_cmake_args' from command line to 'None'
[0.598s] Level 5:colcon.colcon_core.verb:set package 'robot_app' build argument 'catkin_cmake_args' from command line to 'None'
[0.599s] Level 5:colcon.colcon_core.verb:set package 'robot_app' build argument 'catkin_skip_building_tests' from command line to 'False'
[0.599s] DEBUG:colcon.colcon_core.verb:Building package 'robot_app' with the following arguments: {'ament_cmake_args': None, 'build_base': '/home/nekr/6/6.1/my_robot/build/robot_app', 'catkin_cmake_args': None, 'catkin_skip_building_tests': False, 'cmake_args': None, 'cmake_clean_cache': False, 'cmake_clean_first': False, 'cmake_force_configure': False, 'cmake_target': None, 'cmake_target_skip_unavailable': False, 'install_base': '/home/nekr/6/6.1/my_robot/install/robot_app', 'merge_install': False, 'path': '/home/nekr/6/6.1/my_robot/robot_app', 'symlink_install': False, 'test_result_base': None}
[0.600s] Level 5:colcon.colcon_core.verb:set package 'robot_bringup' build argument 'cmake_args' from command line to 'None'
[0.600s] Level 5:colcon.colcon_core.verb:set package 'robot_bringup' build argument 'cmake_target' from command line to 'None'
[0.600s] Level 5:colcon.colcon_core.verb:set package 'robot_bringup' build argument 'cmake_target_skip_unavailable' from command line to 'False'
[0.600s] Level 5:colcon.colcon_core.verb:set package 'robot_bringup' build argument 'cmake_clean_cache' from command line to 'False'
[0.600s] Level 5:colcon.colcon_core.verb:set package 'robot_bringup' build argument 'cmake_clean_first' from command line to 'False'
[0.600s] Level 5:colcon.colcon_core.verb:set package 'robot_bringup' build argument 'cmake_force_configure' from command line to 'False'
[0.600s] Level 5:colcon.colcon_core.verb:set package 'robot_bringup' build argument 'ament_cmake_args' from command line to 'None'
[0.600s] Level 5:colcon.colcon_core.verb:set package 'robot_bringup' build argument 'catkin_cmake_args' from command line to 'None'
[0.600s] Level 5:colcon.colcon_core.verb:set package 'robot_bringup' build argument 'catkin_skip_building_tests' from command line to 'False'
[0.600s] DEBUG:colcon.colcon_core.verb:Building package 'robot_bringup' with the following arguments: {'ament_cmake_args': None, 'build_base': '/home/nekr/6/6.1/my_robot/build/robot_bringup', 'catkin_cmake_args': None, 'catkin_skip_building_tests': False, 'cmake_args': None, 'cmake_clean_cache': False, 'cmake_clean_first': False, 'cmake_force_configure': False, 'cmake_target': None, 'cmake_target_skip_unavailable': False, 'install_base': '/home/nekr/6/6.1/my_robot/install/robot_bringup', 'merge_install': False, 'path': '/home/nekr/6/6.1/my_robot/robot_bringup', 'symlink_install': False, 'test_result_base': None}
[0.601s] Level 5:colcon.colcon_core.verb:set package 'robot_description' build argument 'cmake_args' from command line to 'None'
[0.601s] Level 5:colcon.colcon_core.verb:set package 'robot_description' build argument 'cmake_target' from command line to 'None'
[0.601s] Level 5:colcon.colcon_core.verb:set package 'robot_description' build argument 'cmake_target_skip_unavailable' from command line to 'False'
[0.601s] Level 5:colcon.colcon_core.verb:set package 'robot_description' build argument 'cmake_clean_cache' from command line to 'False'
[0.601s] Level 5:colcon.colcon_core.verb:set package 'robot_description' build argument 'cmake_clean_first' from command line to 'False'
[0.601s] Level 5:colcon.colcon_core.verb:set package 'robot_description' build argument 'cmake_force_configure' from command line to 'False'
[0.601s] Level 5:colcon.colcon_core.verb:set package 'robot_description' build argument 'ament_cmake_args' from command line to 'None'
[0.601s] Level 5:colcon.colcon_core.verb:set package 'robot_description' build argument 'catkin_cmake_args' from command line to 'None'
[0.601s] Level 5:colcon.colcon_core.verb:set package 'robot_description' build argument 'catkin_skip_building_tests' from command line to 'False'
[0.601s] DEBUG:colcon.colcon_core.verb:Building package 'robot_description' with the following arguments: {'ament_cmake_args': None, 'build_base': '/home/nekr/6/6.1/my_robot/build/robot_description', 'catkin_cmake_args': None, 'catkin_skip_building_tests': False, 'cmake_args': None, 'cmake_clean_cache': False, 'cmake_clean_first': False, 'cmake_force_configure': False, 'cmake_target': None, 'cmake_target_skip_unavailable': False, 'install_base': '/home/nekr/6/6.1/my_robot/install/robot_description', 'merge_install': False, 'path': '/home/nekr/6/6.1/my_robot/robot_description', 'symlink_install': False, 'test_result_base': None}
[0.602s] INFO:colcon.colcon_core.executor:Executing jobs using 'parallel' executor
[0.606s] DEBUG:colcon.colcon_parallel_executor.executor.parallel:run_until_complete
[0.606s] INFO:colcon.colcon_ros.task.ament_cmake.build:Building ROS package in '/home/nekr/6/6.1/my_robot/robot_app' with build type 'ament_cmake'
[0.606s] INFO:colcon.colcon_cmake.task.cmake.build:Building CMake package in '/home/nekr/6/6.1/my_robot/robot_app'
[0.611s] INFO:colcon.colcon_core.plugin_system:Skipping extension 'colcon_core.shell.bat': Not used on non-Windows systems
[0.612s] INFO:colcon.colcon_core.shell:Skip shell extension 'powershell' for command environment: Not usable outside of PowerShell
[0.612s] DEBUG:colcon.colcon_core.shell:Skip shell extension 'dsv' for command environment
[0.618s] INFO:colcon.colcon_ros.task.ament_cmake.build:Building ROS package in '/home/nekr/6/6.1/my_robot/robot_bringup' with build type 'ament_cmake'
[0.618s] INFO:colcon.colcon_cmake.task.cmake.build:Building CMake package in '/home/nekr/6/6.1/my_robot/robot_bringup'
[0.620s] INFO:colcon.colcon_core.shell:Skip shell extension 'powershell' for command environment: Not usable outside of PowerShell
[0.620s] DEBUG:colcon.colcon_core.shell:Skip shell extension 'dsv' for command environment
[0.626s] INFO:colcon.colcon_ros.task.ament_cmake.build:Building ROS package in '/home/nekr/6/6.1/my_robot/robot_description' with build type 'ament_cmake'
[0.626s] INFO:colcon.colcon_cmake.task.cmake.build:Building CMake package in '/home/nekr/6/6.1/my_robot/robot_description'
[0.628s] INFO:colcon.colcon_core.shell:Skip shell extension 'powershell' for command environment: Not usable outside of PowerShell
[0.628s] DEBUG:colcon.colcon_core.shell:Skip shell extension 'dsv' for command environment
[0.640s] DEBUG:colcon.colcon_core.event_handler.log_command:Invoking command in '/home/nekr/6/6.1/my_robot/build/robot_app': CMAKE_PREFIX_PATH=${CMAKE_PREFIX_PATH}:/opt/ros/humble /usr/bin/cmake /home/nekr/6/6.1/my_robot/robot_app -DCMAKE_INSTALL_PREFIX=/home/nekr/6/6.1/my_robot/install/robot_app
[0.647s] DEBUG:colcon.colcon_core.event_handler.log_command:Invoking command in '/home/nekr/6/6.1/my_robot/build/robot_bringup': CMAKE_PREFIX_PATH=${CMAKE_PREFIX_PATH}:/opt/ros/humble /usr/bin/cmake /home/nekr/6/6.1/my_robot/robot_bringup -DCMAKE_INSTALL_PREFIX=/home/nekr/6/6.1/my_robot/install/robot_bringup
[0.650s] DEBUG:colcon.colcon_core.event_handler.log_command:Invoking command in '/home/nekr/6/6.1/my_robot/build/robot_description': CMAKE_PREFIX_PATH=${CMAKE_PREFIX_PATH}:/opt/ros/humble /usr/bin/cmake /home/nekr/6/6.1/my_robot/robot_description -DCMAKE_INSTALL_PREFIX=/home/nekr/6/6.1/my_robot/install/robot_description
[2.861s] DEBUG:colcon.colcon_core.event_handler.log_command:Invoked command in '/home/nekr/6/6.1/my_robot/build/robot_app' returned '0': CMAKE_PREFIX_PATH=${CMAKE_PREFIX_PATH}:/opt/ros/humble /usr/bin/cmake /home/nekr/6/6.1/my_robot/robot_app -DCMAKE_INSTALL_PREFIX=/home/nekr/6/6.1/my_robot/install/robot_app
[2.863s] DEBUG:colcon.colcon_core.event_handler.log_command:Invoking command in '/home/nekr/6/6.1/my_robot/build/robot_app': CMAKE_PREFIX_PATH=${CMAKE_PREFIX_PATH}:/opt/ros/humble /usr/bin/cmake --build /home/nekr/6/6.1/my_robot/build/robot_app -- -j16 -l16
[2.865s] DEBUG:colcon.colcon_core.event_handler.log_command:Invoked command in '/home/nekr/6/6.1/my_robot/build/robot_description' returned '0': CMAKE_PREFIX_PATH=${CMAKE_PREFIX_PATH}:/opt/ros/humble /usr/bin/cmake /home/nekr/6/6.1/my_robot/robot_description -DCMAKE_INSTALL_PREFIX=/home/nekr/6/6.1/my_robot/install/robot_description
[2.867s] DEBUG:colcon.colcon_core.event_handler.log_command:Invoking command in '/home/nekr/6/6.1/my_robot/build/robot_description': CMAKE_PREFIX_PATH=${CMAKE_PREFIX_PATH}:/opt/ros/humble /usr/bin/cmake --build /home/nekr/6/6.1/my_robot/build/robot_description -- -j16 -l16
[2.894s] DEBUG:colcon.colcon_core.event_handler.log_command:Invoked command in '/home/nekr/6/6.1/my_robot/build/robot_app' returned '0': CMAKE_PREFIX_PATH=${CMAKE_PREFIX_PATH}:/opt/ros/humble /usr/bin/cmake --build /home/nekr/6/6.1/my_robot/build/robot_app -- -j16 -l16
[2.899s] DEBUG:colcon.colcon_core.event_handler.log_command:Invoked command in '/home/nekr/6/6.1/my_robot/build/robot_description' returned '0': CMAKE_PREFIX_PATH=${CMAKE_PREFIX_PATH}:/opt/ros/humble /usr/bin/cmake --build /home/nekr/6/6.1/my_robot/build/robot_description -- -j16 -l16
[2.918s] DEBUG:colcon.colcon_core.event_handler.log_command:Invoking command in '/home/nekr/6/6.1/my_robot/build/robot_app': CMAKE_PREFIX_PATH=${CMAKE_PREFIX_PATH}:/opt/ros/humble /usr/bin/cmake --install /home/nekr/6/6.1/my_robot/build/robot_app
[2.922s] DEBUG:colcon.colcon_core.event_handler.log_command:Invoking command in '/home/nekr/6/6.1/my_robot/build/robot_description': CMAKE_PREFIX_PATH=${CMAKE_PREFIX_PATH}:/opt/ros/humble /usr/bin/cmake --install /home/nekr/6/6.1/my_robot/build/robot_description
[2.923s] DEBUG:colcon.colcon_core.event_handler.log_command:Invoked command in '/home/nekr/6/6.1/my_robot/build/robot_bringup' returned '0': CMAKE_PREFIX_PATH=${CMAKE_PREFIX_PATH}:/opt/ros/humble /usr/bin/cmake /home/nekr/6/6.1/my_robot/robot_bringup -DCMAKE_INSTALL_PREFIX=/home/nekr/6/6.1/my_robot/install/robot_bringup
[2.924s] DEBUG:colcon.colcon_core.event_handler.log_command:Invoking command in '/home/nekr/6/6.1/my_robot/build/robot_bringup': CMAKE_PREFIX_PATH=${CMAKE_PREFIX_PATH}:/opt/ros/humble /usr/bin/cmake --build /home/nekr/6/6.1/my_robot/build/robot_bringup -- -j16 -l16
[2.934s] Level 1:colcon.colcon_core.environment:create_environment_scripts_only(robot_app)
[2.937s] DEBUG:colcon.colcon_core.event_handler.log_command:Invoked command in '/home/nekr/6/6.1/my_robot/build/robot_app' returned '0': CMAKE_PREFIX_PATH=${CMAKE_PREFIX_PATH}:/opt/ros/humble /usr/bin/cmake --install /home/nekr/6/6.1/my_robot/build/robot_app
[2.941s] Level 1:colcon.colcon_core.environment:checking '/home/nekr/6/6.1/my_robot/install/robot_app' for CMake module files
[2.942s] Level 1:colcon.colcon_core.environment:checking '/home/nekr/6/6.1/my_robot/install/robot_app' for CMake config files
[2.942s] Level 1:colcon.colcon_core.shell:create_environment_hook('robot_app', 'cmake_prefix_path')
[2.943s] INFO:colcon.colcon_core.shell:Creating environment hook '/home/nekr/6/6.1/my_robot/install/robot_app/share/robot_app/hook/cmake_prefix_path.ps1'
[2.944s] INFO:colcon.colcon_core.shell:Creating environment descriptor '/home/nekr/6/6.1/my_robot/install/robot_app/share/robot_app/hook/cmake_prefix_path.dsv'
[2.945s] INFO:colcon.colcon_core.shell:Creating environment hook '/home/nekr/6/6.1/my_robot/install/robot_app/share/robot_app/hook/cmake_prefix_path.sh'
[2.945s] Level 1:colcon.colcon_core.environment:checking '/home/nekr/6/6.1/my_robot/install/robot_app/bin'
[2.945s] Level 1:colcon.colcon_core.environment:checking '/home/nekr/6/6.1/my_robot/install/robot_app/lib/pkgconfig/robot_app.pc'
[2.946s] Level 1:colcon.colcon_core.environment:checking '/home/nekr/6/6.1/my_robot/install/robot_app/lib/python3.10/site-packages'
[2.946s] Level 1:colcon.colcon_core.environment:checking '/home/nekr/6/6.1/my_robot/install/robot_app/bin'
[2.947s] INFO:colcon.colcon_core.shell:Creating package script '/home/nekr/6/6.1/my_robot/install/robot_app/share/robot_app/package.ps1'
[2.948s] INFO:colcon.colcon_core.shell:Creating package descriptor '/home/nekr/6/6.1/my_robot/install/robot_app/share/robot_app/package.dsv'
[2.948s] INFO:colcon.colcon_core.shell:Creating package script '/home/nekr/6/6.1/my_robot/install/robot_app/share/robot_app/package.sh'
[2.949s] INFO:colcon.colcon_core.shell:Creating package script '/home/nekr/6/6.1/my_robot/install/robot_app/share/robot_app/package.bash'
[2.950s] INFO:colcon.colcon_core.shell:Creating package script '/home/nekr/6/6.1/my_robot/install/robot_app/share/robot_app/package.zsh'
[2.950s] Level 1:colcon.colcon_core.environment:create_file_with_runtime_dependencies(/home/nekr/6/6.1/my_robot/install/robot_app/share/colcon-core/packages/robot_app)
[2.952s] Level 1:colcon.colcon_core.environment:create_environment_scripts_only(robot_description)
[2.955s] Level 1:colcon.colcon_core.environment:checking '/home/nekr/6/6.1/my_robot/install/robot_description' for CMake module files
[2.957s] DEBUG:colcon.colcon_core.event_handler.log_command:Invoked command in '/home/nekr/6/6.1/my_robot/build/robot_description' returned '0': CMAKE_PREFIX_PATH=${CMAKE_PREFIX_PATH}:/opt/ros/humble /usr/bin/cmake --install /home/nekr/6/6.1/my_robot/build/robot_description
[2.957s] Level 1:colcon.colcon_core.environment:checking '/home/nekr/6/6.1/my_robot/install/robot_description' for CMake config files
[2.957s] Level 1:colcon.colcon_core.shell:create_environment_hook('robot_description', 'cmake_prefix_path')
[2.959s] INFO:colcon.colcon_core.shell:Creating environment hook '/home/nekr/6/6.1/my_robot/install/robot_description/share/robot_description/hook/cmake_prefix_path.ps1'
[2.959s] INFO:colcon.colcon_core.shell:Creating environment descriptor '/home/nekr/6/6.1/my_robot/install/robot_description/share/robot_description/hook/cmake_prefix_path.dsv'
[2.960s] INFO:colcon.colcon_core.shell:Creating environment hook '/home/nekr/6/6.1/my_robot/install/robot_description/share/robot_description/hook/cmake_prefix_path.sh'
[2.960s] Level 1:colcon.colcon_core.environment:checking '/home/nekr/6/6.1/my_robot/install/robot_description/bin'
[2.960s] Level 1:colcon.colcon_core.environment:checking '/home/nekr/6/6.1/my_robot/install/robot_description/lib/pkgconfig/robot_description.pc'
[2.960s] Level 1:colcon.colcon_core.environment:checking '/home/nekr/6/6.1/my_robot/install/robot_description/lib/python3.10/site-packages'
[2.961s] Level 1:colcon.colcon_core.environment:checking '/home/nekr/6/6.1/my_robot/install/robot_description/bin'
[2.962s] INFO:colcon.colcon_core.shell:Creating package script '/home/nekr/6/6.1/my_robot/install/robot_description/share/robot_description/package.ps1'
[2.962s] INFO:colcon.colcon_core.shell:Creating package descriptor '/home/nekr/6/6.1/my_robot/install/robot_description/share/robot_description/package.dsv'
[2.963s] INFO:colcon.colcon_core.shell:Creating package script '/home/nekr/6/6.1/my_robot/install/robot_description/share/robot_description/package.sh'
[2.963s] INFO:colcon.colcon_core.shell:Creating package script '/home/nekr/6/6.1/my_robot/install/robot_description/share/robot_description/package.bash'
[2.963s] INFO:colcon.colcon_core.shell:Creating package script '/home/nekr/6/6.1/my_robot/install/robot_description/share/robot_description/package.zsh'
[2.963s] Level 1:colcon.colcon_core.environment:create_file_with_runtime_dependencies(/home/nekr/6/6.1/my_robot/install/robot_description/share/colcon-core/packages/robot_description)
[2.966s] DEBUG:colcon.colcon_core.event_handler.log_command:Invoked command in '/home/nekr/6/6.1/my_robot/build/robot_bringup' returned '0': CMAKE_PREFIX_PATH=${CMAKE_PREFIX_PATH}:/opt/ros/humble /usr/bin/cmake --build /home/nekr/6/6.1/my_robot/build/robot_bringup -- -j16 -l16
[2.969s] Level 1:colcon.colcon_core.environment:create_environment_scripts_only(robot_app)
[2.971s] Level 1:colcon.colcon_core.environment:checking '/home/nekr/6/6.1/my_robot/install/robot_app' for CMake module files
[2.972s] Level 1:colcon.colcon_core.environment:checking '/home/nekr/6/6.1/my_robot/install/robot_app' for CMake config files
[2.972s] Level 1:colcon.colcon_core.shell:create_environment_hook('robot_app', 'cmake_prefix_path')
[2.973s] INFO:colcon.colcon_core.shell:Creating environment hook '/home/nekr/6/6.1/my_robot/install/robot_app/share/robot_app/hook/cmake_prefix_path.ps1'
[2.973s] INFO:colcon.colcon_core.shell:Creating environment descriptor '/home/nekr/6/6.1/my_robot/install/robot_app/share/robot_app/hook/cmake_prefix_path.dsv'
[2.974s] INFO:colcon.colcon_core.shell:Creating environment hook '/home/nekr/6/6.1/my_robot/install/robot_app/share/robot_app/hook/cmake_prefix_path.sh'
[2.974s] Level 1:colcon.colcon_core.environment:checking '/home/nekr/6/6.1/my_robot/install/robot_app/bin'
[2.974s] Level 1:colcon.colcon_core.environment:checking '/home/nekr/6/6.1/my_robot/install/robot_app/lib/pkgconfig/robot_app.pc'
[2.974s] Level 1:colcon.colcon_core.environment:checking '/home/nekr/6/6.1/my_robot/install/robot_app/lib/python3.10/site-packages'
[2.975s] Level 1:colcon.colcon_core.environment:checking '/home/nekr/6/6.1/my_robot/install/robot_app/bin'
[2.976s] INFO:colcon.colcon_core.shell:Creating package script '/home/nekr/6/6.1/my_robot/install/robot_app/share/robot_app/package.ps1'
[2.977s] INFO:colcon.colcon_core.shell:Creating package descriptor '/home/nekr/6/6.1/my_robot/install/robot_app/share/robot_app/package.dsv'
[2.977s] INFO:colcon.colcon_core.shell:Creating package script '/home/nekr/6/6.1/my_robot/install/robot_app/share/robot_app/package.sh'
[2.977s] INFO:colcon.colcon_core.shell:Creating package script '/home/nekr/6/6.1/my_robot/install/robot_app/share/robot_app/package.bash'
[2.978s] INFO:colcon.colcon_core.shell:Creating package script '/home/nekr/6/6.1/my_robot/install/robot_app/share/robot_app/package.zsh'
[2.978s] Level 1:colcon.colcon_core.environment:create_file_with_runtime_dependencies(/home/nekr/6/6.1/my_robot/install/robot_app/share/colcon-core/packages/robot_app)
[2.984s] Level 1:colcon.colcon_core.environment:create_environment_scripts_only(robot_description)
[2.985s] Level 1:colcon.colcon_core.environment:checking '/home/nekr/6/6.1/my_robot/install/robot_description' for CMake module files
[2.986s] Level 1:colcon.colcon_core.environment:checking '/home/nekr/6/6.1/my_robot/install/robot_description' for CMake config files
[2.986s] Level 1:colcon.colcon_core.shell:create_environment_hook('robot_description', 'cmake_prefix_path')
[2.987s] INFO:colcon.colcon_core.shell:Creating environment hook '/home/nekr/6/6.1/my_robot/install/robot_description/share/robot_description/hook/cmake_prefix_path.ps1'
[2.987s] INFO:colcon.colcon_core.shell:Creating environment descriptor '/home/nekr/6/6.1/my_robot/install/robot_description/share/robot_description/hook/cmake_prefix_path.dsv'
[2.988s] INFO:colcon.colcon_core.shell:Creating environment hook '/home/nekr/6/6.1/my_robot/install/robot_description/share/robot_description/hook/cmake_prefix_path.sh'
[2.988s] Level 1:colcon.colcon_core.environment:checking '/home/nekr/6/6.1/my_robot/install/robot_description/bin'
[2.988s] Level 1:colcon.colcon_core.environment:checking '/home/nekr/6/6.1/my_robot/install/robot_description/lib/pkgconfig/robot_description.pc'
[2.989s] Level 1:colcon.colcon_core.environment:checking '/home/nekr/6/6.1/my_robot/install/robot_description/lib/python3.10/site-packages'
[2.989s] Level 1:colcon.colcon_core.environment:checking '/home/nekr/6/6.1/my_robot/install/robot_description/bin'
[2.990s] INFO:colcon.colcon_core.shell:Creating package script '/home/nekr/6/6.1/my_robot/install/robot_description/share/robot_description/package.ps1'
[2.990s] INFO:colcon.colcon_core.shell:Creating package descriptor '/home/nekr/6/6.1/my_robot/install/robot_description/share/robot_description/package.dsv'
[2.991s] INFO:colcon.colcon_core.shell:Creating package script '/home/nekr/6/6.1/my_robot/install/robot_description/share/robot_description/package.sh'
[2.991s] INFO:colcon.colcon_core.shell:Creating package script '/home/nekr/6/6.1/my_robot/install/robot_description/share/robot_description/package.bash'
[2.991s] INFO:colcon.colcon_core.shell:Creating package script '/home/nekr/6/6.1/my_robot/install/robot_description/share/robot_description/package.zsh'
[2.992s] Level 1:colcon.colcon_core.environment:create_file_with_runtime_dependencies(/home/nekr/6/6.1/my_robot/install/robot_description/share/colcon-core/packages/robot_description)
[2.995s] DEBUG:colcon.colcon_core.event_handler.log_command:Invoking command in '/home/nekr/6/6.1/my_robot/build/robot_bringup': CMAKE_PREFIX_PATH=${CMAKE_PREFIX_PATH}:/opt/ros/humble /usr/bin/cmake --install /home/nekr/6/6.1/my_robot/build/robot_bringup
[3.006s] Level 1:colcon.colcon_core.environment:create_environment_scripts_only(robot_bringup)
[3.008s] Level 1:colcon.colcon_core.environment:checking '/home/nekr/6/6.1/my_robot/install/robot_bringup' for CMake module files
[3.009s] DEBUG:colcon.colcon_core.event_handler.log_command:Invoked command in '/home/nekr/6/6.1/my_robot/build/robot_bringup' returned '0': CMAKE_PREFIX_PATH=${CMAKE_PREFIX_PATH}:/opt/ros/humble /usr/bin/cmake --install /home/nekr/6/6.1/my_robot/build/robot_bringup
[3.009s] Level 1:colcon.colcon_core.environment:checking '/home/nekr/6/6.1/my_robot/install/robot_bringup' for CMake config files
[3.010s] Level 1:colcon.colcon_core.shell:create_environment_hook('robot_bringup', 'cmake_prefix_path')
[3.011s] INFO:colcon.colcon_core.shell:Creating environment hook '/home/nekr/6/6.1/my_robot/install/robot_bringup/share/robot_bringup/hook/cmake_prefix_path.ps1'
[3.011s] INFO:colcon.colcon_core.shell:Creating environment descriptor '/home/nekr/6/6.1/my_robot/install/robot_bringup/share/robot_bringup/hook/cmake_prefix_path.dsv'
[3.012s] INFO:colcon.colcon_core.shell:Creating environment hook '/home/nekr/6/6.1/my_robot/install/robot_bringup/share/robot_bringup/hook/cmake_prefix_path.sh'
[3.012s] Level 1:colcon.colcon_core.environment:checking '/home/nekr/6/6.1/my_robot/install/robot_bringup/bin'
[3.012s] Level 1:colcon.colcon_core.environment:checking '/home/nekr/6/6.1/my_robot/install/robot_bringup/lib/pkgconfig/robot_bringup.pc'
[3.012s] Level 1:colcon.colcon_core.environment:checking '/home/nekr/6/6.1/my_robot/install/robot_bringup/lib/python3.10/site-packages'
[3.013s] Level 1:colcon.colcon_core.environment:checking '/home/nekr/6/6.1/my_robot/install/robot_bringup/bin'
[3.014s] INFO:colcon.colcon_core.shell:Creating package script '/home/nekr/6/6.1/my_robot/install/robot_bringup/share/robot_bringup/package.ps1'
[3.014s] INFO:colcon.colcon_core.shell:Creating package descriptor '/home/nekr/6/6.1/my_robot/install/robot_bringup/share/robot_bringup/package.dsv'
[3.015s] INFO:colcon.colcon_core.shell:Creating package script '/home/nekr/6/6.1/my_robot/install/robot_bringup/share/robot_bringup/package.sh'
[3.015s] INFO:colcon.colcon_core.shell:Creating package script '/home/nekr/6/6.1/my_robot/install/robot_bringup/share/robot_bringup/package.bash'
[3.016s] INFO:colcon.colcon_core.shell:Creating package script '/home/nekr/6/6.1/my_robot/install/robot_bringup/share/robot_bringup/package.zsh'
[3.016s] Level 1:colcon.colcon_core.environment:create_file_with_runtime_dependencies(/home/nekr/6/6.1/my_robot/install/robot_bringup/share/colcon-core/packages/robot_bringup)
[3.036s] Level 1:colcon.colcon_core.environment:create_environment_scripts_only(robot_bringup)
[3.037s] Level 1:colcon.colcon_core.environment:checking '/home/nekr/6/6.1/my_robot/install/robot_bringup' for CMake module files
[3.038s] Level 1:colcon.colcon_core.environment:checking '/home/nekr/6/6.1/my_robot/install/robot_bringup' for CMake config files
[3.038s] Level 1:colcon.colcon_core.shell:create_environment_hook('robot_bringup', 'cmake_prefix_path')
[3.039s] INFO:colcon.colcon_core.shell:Creating environment hook '/home/nekr/6/6.1/my_robot/install/robot_bringup/share/robot_bringup/hook/cmake_prefix_path.ps1'
[3.040s] INFO:colcon.colcon_core.shell:Creating environment descriptor '/home/nekr/6/6.1/my_robot/install/robot_bringup/share/robot_bringup/hook/cmake_prefix_path.dsv'
[3.040s] INFO:colcon.colcon_core.shell:Creating environment hook '/home/nekr/6/6.1/my_robot/install/robot_bringup/share/robot_bringup/hook/cmake_prefix_path.sh'
[3.040s] Level 1:colcon.colcon_core.environment:checking '/home/nekr/6/6.1/my_robot/install/robot_bringup/bin'
[3.040s] Level 1:colcon.colcon_core.environment:checking '/home/nekr/6/6.1/my_robot/install/robot_bringup/lib/pkgconfig/robot_bringup.pc'
[3.040s] Level 1:colcon.colcon_core.environment:checking '/home/nekr/6/6.1/my_robot/install/robot_bringup/lib/python3.10/site-packages'
[3.041s] Level 1:colcon.colcon_core.environment:checking '/home/nekr/6/6.1/my_robot/install/robot_bringup/bin'
[3.042s] INFO:colcon.colcon_core.shell:Creating package script '/home/nekr/6/6.1/my_robot/install/robot_bringup/share/robot_bringup/package.ps1'
[3.042s] INFO:colcon.colcon_core.shell:Creating package descriptor '/home/nekr/6/6.1/my_robot/install/robot_bringup/share/robot_bringup/package.dsv'
[3.043s] INFO:colcon.colcon_core.shell:Creating package script '/home/nekr/6/6.1/my_robot/install/robot_bringup/share/robot_bringup/package.sh'
[3.043s] INFO:colcon.colcon_core.shell:Creating package script '/home/nekr/6/6.1/my_robot/install/robot_bringup/share/robot_bringup/package.bash'
[3.043s] INFO:colcon.colcon_core.shell:Creating package script '/home/nekr/6/6.1/my_robot/install/robot_bringup/share/robot_bringup/package.zsh'
[3.044s] Level 1:colcon.colcon_core.environment:create_file_with_runtime_dependencies(/home/nekr/6/6.1/my_robot/install/robot_bringup/share/colcon-core/packages/robot_bringup)
[3.044s] DEBUG:colcon.colcon_parallel_executor.executor.parallel:closing loop
[3.045s] DEBUG:colcon.colcon_parallel_executor.executor.parallel:loop closed
[3.045s] DEBUG:colcon.colcon_parallel_executor.executor.parallel:run_until_complete finished with '0'
[3.045s] DEBUG:colcon.colcon_core.event_reactor:joining thread
[3.104s] INFO:colcon.colcon_core.plugin_system:Skipping extension 'colcon_notification.desktop_notification.notify_send': Could not find 'notify-send'
[3.104s] INFO:colcon.colcon_core.plugin_system:Skipping extension 'colcon_notification.desktop_notification.terminal_notifier': Not used on non-Darwin systems
[3.105s] INFO:colcon.colcon_core.plugin_system:Skipping extension 'colcon_notification.desktop_notification.win32': Not used on non-Windows systems
[3.105s] INFO:colcon.colcon_notification.desktop_notification:Sending desktop notification using 'notify2'
[3.105s] DEBUG:colcon.colcon_notification.desktop_notification.notify2:Failed to initialize notify2: org.freedesktop.DBus.Error.FileNotFound: Failed to connect to socket /run/user/1000/bus: No such file or directory
[3.105s] DEBUG:colcon.colcon_core.event_reactor:joined thread
[3.106s] INFO:colcon.colcon_core.shell:Creating prefix script '/home/nekr/6/6.1/my_robot/install/local_setup.ps1'
[3.108s] INFO:colcon.colcon_core.shell:Creating prefix util module '/home/nekr/6/6.1/my_robot/install/_local_setup_util_ps1.py'
[3.109s] INFO:colcon.colcon_core.shell:Creating prefix chain script '/home/nekr/6/6.1/my_robot/install/setup.ps1'
[3.111s] INFO:colcon.colcon_core.shell:Creating prefix script '/home/nekr/6/6.1/my_robot/install/local_setup.sh'
[3.111s] INFO:colcon.colcon_core.shell:Creating prefix util module '/home/nekr/6/6.1/my_robot/install/_local_setup_util_sh.py'
[3.111s] INFO:colcon.colcon_core.shell:Creating prefix chain script '/home/nekr/6/6.1/my_robot/install/setup.sh'
[3.113s] INFO:colcon.colcon_core.shell:Creating prefix script '/home/nekr/6/6.1/my_robot/install/local_setup.bash'
[3.113s] INFO:colcon.colcon_core.shell:Creating prefix chain script '/home/nekr/6/6.1/my_robot/install/setup.bash'
[3.114s] INFO:colcon.colcon_core.shell:Creating prefix script '/home/nekr/6/6.1/my_robot/install/local_setup.zsh'
[3.115s] INFO:colcon.colcon_core.shell:Creating prefix chain script '/home/nekr/6/6.1/my_robot/install/setup.zsh'
