[0.690s] Invoking command in '/home/nekr/ros2_ws/src/circle_movement': PYTHONPATH=/home/nekr/ros2_ws/src/circle_movement/build/circle_movement/prefix_override:/home/nekr/ros2_ws/src/circle_movement/install/circle_movement/lib/python3.10/site-packages:${PYTHONPATH} /usr/bin/python3 setup.py egg_info --egg-base build/circle_movement build --build-base /home/nekr/ros2_ws/src/circle_movement/build/circle_movement/build install --record /home/nekr/ros2_ws/src/circle_movement/build/circle_movement/install.log --single-version-externally-managed
[0.920s] running egg_info
[0.920s] writing build/circle_movement/circle_movement.egg-info/PKG-INFO
[0.921s] writing dependency_links to build/circle_movement/circle_movement.egg-info/dependency_links.txt
[0.922s] writing entry points to build/circle_movement/circle_movement.egg-info/entry_points.txt
[0.922s] writing requirements to build/circle_movement/circle_movement.egg-info/requires.txt
[0.922s] writing top-level names to build/circle_movement/circle_movement.egg-info/top_level.txt
[0.923s] reading manifest file 'build/circle_movement/circle_movement.egg-info/SOURCES.txt'
[0.924s] writing manifest file 'build/circle_movement/circle_movement.egg-info/SOURCES.txt'
[0.924s] running build
[0.925s] running build_py
[0.925s] running install
[0.925s] /usr/lib/python3/dist-packages/setuptools/command/install.py:34: SetuptoolsDeprecationWarning: setup.py install is deprecated. Use build and pip and other standards-based tools.
[0.925s]   warnings.warn(
[0.925s] running install_lib
[0.926s] running install_data
[0.927s] running install_egg_info
[0.928s] removing '/home/nekr/ros2_ws/src/circle_movement/install/circle_movement/lib/python3.10/site-packages/circle_movement-0.0.0-py3.10.egg-info' (and everything under it)
[0.929s] Copying build/circle_movement/circle_movement.egg-info to /home/nekr/ros2_ws/src/circle_movement/install/circle_movement/lib/python3.10/site-packages/circle_movement-0.0.0-py3.10.egg-info
[0.930s] running install_scripts
[0.951s] Installing circle script to /home/nekr/ros2_ws/src/circle_movement/install/circle_movement/lib/circle_movement
[0.951s] writing list of installed files to '/home/nekr/ros2_ws/src/circle_movement/build/circle_movement/install.log'
[0.976s] Invoked command in '/home/nekr/ros2_ws/src/circle_movement' returned '0': PYTHONPATH=/home/nekr/ros2_ws/src/circle_movement/build/circle_movement/prefix_override:/home/nekr/ros2_ws/src/circle_movement/install/circle_movement/lib/python3.10/site-packages:${PYTHONPATH} /usr/bin/python3 setup.py egg_info --egg-base build/circle_movement build --build-base /home/nekr/ros2_ws/src/circle_movement/build/circle_movement/build install --record /home/nekr/ros2_ws/src/circle_movement/build/circle_movement/install.log --single-version-externally-managed
