[0.755s] Invoking command in '/home/nekr/ros2_ws/src/depth_stop': PYTHONPATH=/home/nekr/ros2_ws/src/depth_stop/build/depth_stop/prefix_override:/home/nekr/ros2_ws/src/depth_stop/install/depth_stop/lib/python3.10/site-packages:${PYTHONPATH} /usr/bin/python3 setup.py egg_info --egg-base build/depth_stop build --build-base /home/nekr/ros2_ws/src/depth_stop/build/depth_stop/build install --record /home/nekr/ros2_ws/src/depth_stop/build/depth_stop/install.log --single-version-externally-managed
[1.058s] running egg_info
[1.058s] writing build/depth_stop/depth_stop.egg-info/PKG-INFO
[1.059s] writing dependency_links to build/depth_stop/depth_stop.egg-info/dependency_links.txt
[1.059s] writing entry points to build/depth_stop/depth_stop.egg-info/entry_points.txt
[1.060s] writing requirements to build/depth_stop/depth_stop.egg-info/requires.txt
[1.060s] writing top-level names to build/depth_stop/depth_stop.egg-info/top_level.txt
[1.062s] reading manifest file 'build/depth_stop/depth_stop.egg-info/SOURCES.txt'
[1.064s] writing manifest file 'build/depth_stop/depth_stop.egg-info/SOURCES.txt'
[1.064s] running build
[1.064s] running build_py
[1.064s] copying depth_stop/depth_stop.py -> /home/nekr/ros2_ws/src/depth_stop/build/depth_stop/build/lib/depth_stop
[1.064s] running install
[1.065s] /usr/lib/python3/dist-packages/setuptools/command/install.py:34: SetuptoolsDeprecationWarning: setup.py install is deprecated. Use build and pip and other standards-based tools.
[1.065s]   warnings.warn(
[1.065s] running install_lib
[1.065s] copying /home/nekr/ros2_ws/src/depth_stop/build/depth_stop/build/lib/depth_stop/depth_stop.py -> /home/nekr/ros2_ws/src/depth_stop/install/depth_stop/lib/python3.10/site-packages/depth_stop
[1.066s] byte-compiling /home/nekr/ros2_ws/src/depth_stop/install/depth_stop/lib/python3.10/site-packages/depth_stop/depth_stop.py to depth_stop.cpython-310.pyc
[1.067s] running install_data
[1.068s] running install_egg_info
[1.070s] removing '/home/nekr/ros2_ws/src/depth_stop/install/depth_stop/lib/python3.10/site-packages/depth_stop-0.0.0-py3.10.egg-info' (and everything under it)
[1.070s] Copying build/depth_stop/depth_stop.egg-info to /home/nekr/ros2_ws/src/depth_stop/install/depth_stop/lib/python3.10/site-packages/depth_stop-0.0.0-py3.10.egg-info
[1.071s] running install_scripts
[1.103s] Installing depth_stop script to /home/nekr/ros2_ws/src/depth_stop/install/depth_stop/lib/depth_stop
[1.103s] writing list of installed files to '/home/nekr/ros2_ws/src/depth_stop/build/depth_stop/install.log'
[1.148s] Invoked command in '/home/nekr/ros2_ws/src/depth_stop' returned '0': PYTHONPATH=/home/nekr/ros2_ws/src/depth_stop/build/depth_stop/prefix_override:/home/nekr/ros2_ws/src/depth_stop/install/depth_stop/lib/python3.10/site-packages:${PYTHONPATH} /usr/bin/python3 setup.py egg_info --egg-base build/depth_stop build --build-base /home/nekr/ros2_ws/src/depth_stop/build/depth_stop/build install --record /home/nekr/ros2_ws/src/depth_stop/build/depth_stop/install.log --single-version-externally-managed
