[0.502s] DEBUG:colcon:Command line arguments: ['/usr/bin/colcon', 'build']
[0.502s] DEBUG:colcon:Parsed command line arguments: Namespace(log_base=None, log_level=None, verb_name='build', build_base='build', install_base='install', merge_install=False, symlink_install=False, test_result_base=None, continue_on_error=False, executor='parallel', parallel_workers=16, event_handlers=None, ignore_user_meta=False, metas=['./colcon.meta'], base_paths=['.'], packages_ignore=None, packages_ignore_regex=None, paths=None, packages_up_to=None, packages_up_to_regex=None, packages_above=None, packages_above_and_dependencies=None, packages_above_depth=None, packages_select_by_dep=None, packages_skip_by_dep=None, packages_skip_up_to=None, packages_select_build_failed=False, packages_skip_build_finished=False, packages_select_test_failures=False, packages_skip_test_passed=False, packages_select=None, packages_skip=None, packages_select_regex=None, packages_skip_regex=None, packages_start=None, packages_end=None, allow_overriding=[], cmake_args=None, cmake_target=None, cmake_target_skip_unavailable=False, cmake_clean_cache=False, cmake_clean_first=False, cmake_force_configure=False, ament_cmake_args=None, catkin_cmake_args=None, catkin_skip_building_tests=False, verb_parser=<colcon_defaults.argument_parser.defaults.DefaultArgumentsDecorator object at 0x7f6dafe74d00>, verb_extension=<colcon_core.verb.build.BuildVerb object at 0x7f6db0653d90>, main=<bound method BuildVerb.main of <colcon_core.verb.build.BuildVerb object at 0x7f6db0653d90>>)
[0.534s] Level 1:colcon.colcon_core.package_discovery:discover_packages(colcon_meta) check parameters
[0.534s] Level 1:colcon.colcon_core.package_discovery:discover_packages(recursive) check parameters
[0.534s] Level 1:colcon.colcon_core.package_discovery:discover_packages(ignore) check parameters
[0.534s] Level 1:colcon.colcon_core.package_discovery:discover_packages(path) check parameters
[0.534s] Level 1:colcon.colcon_core.package_discovery:discover_packages(colcon_meta) discover
[0.534s] Level 1:colcon.colcon_core.package_discovery:discover_packages(recursive) discover
[0.534s] INFO:colcon.colcon_core.package_discovery:Crawling recursively for packages in '/home/nekr/ros2_ws/src/circle_movement'
[0.534s] Level 1:colcon.colcon_core.package_identification:_identify(.) by extensions ['ignore', 'ignore_ament_install']
[0.534s] Level 1:colcon.colcon_core.package_identification:_identify(.) by extension 'ignore'
[0.535s] Level 1:colcon.colcon_core.package_identification:_identify(.) by extension 'ignore_ament_install'
[0.535s] Level 1:colcon.colcon_core.package_identification:_identify(.) by extensions ['colcon_pkg']
[0.535s] Level 1:colcon.colcon_core.package_identification:_identify(.) by extension 'colcon_pkg'
[0.535s] Level 1:colcon.colcon_core.package_identification:_identify(.) by extensions ['colcon_meta']
[0.535s] Level 1:colcon.colcon_core.package_identification:_identify(.) by extension 'colcon_meta'
[0.535s] Level 1:colcon.colcon_core.package_identification:_identify(.) by extensions ['ros']
[0.535s] Level 1:colcon.colcon_core.package_identification:_identify(.) by extension 'ros'
[0.557s] DEBUG:colcon.colcon_core.package_identification:Package '.' with type 'ros.ament_python' and name 'circle_movement'
[0.557s] Level 1:colcon.colcon_core.package_discovery:discover_packages(recursive) using defaults
[0.557s] Level 1:colcon.colcon_core.package_discovery:discover_packages(ignore) discover
[0.557s] Level 1:colcon.colcon_core.package_discovery:discover_packages(ignore) using defaults
[0.557s] Level 1:colcon.colcon_core.package_discovery:discover_packages(path) discover
[0.557s] Level 1:colcon.colcon_core.package_discovery:discover_packages(path) using defaults
[0.597s] Level 1:colcon.colcon_core.package_discovery:discover_packages(prefix_path) check parameters
[0.597s] Level 1:colcon.colcon_core.package_discovery:discover_packages(prefix_path) discover
[0.601s] DEBUG:colcon.colcon_installed_package_information.package_discovery:Found 12 installed packages in /home/nekr/ws/install
[0.602s] DEBUG:colcon.colcon_installed_package_information.package_discovery:Found 288 installed packages in /opt/ros/humble
[0.604s] Level 1:colcon.colcon_core.package_discovery:discover_packages(prefix_path) using defaults
[0.673s] Level 5:colcon.colcon_core.verb:set package 'circle_movement' build argument 'cmake_args' from command line to 'None'
[0.673s] Level 5:colcon.colcon_core.verb:set package 'circle_movement' build argument 'cmake_target' from command line to 'None'
[0.673s] Level 5:colcon.colcon_core.verb:set package 'circle_movement' build argument 'cmake_target_skip_unavailable' from command line to 'False'
[0.673s] Level 5:colcon.colcon_core.verb:set package 'circle_movement' build argument 'cmake_clean_cache' from command line to 'False'
[0.673s] Level 5:colcon.colcon_core.verb:set package 'circle_movement' build argument 'cmake_clean_first' from command line to 'False'
[0.673s] Level 5:colcon.colcon_core.verb:set package 'circle_movement' build argument 'cmake_force_configure' from command line to 'False'
[0.673s] Level 5:colcon.colcon_core.verb:set package 'circle_movement' build argument 'ament_cmake_args' from command line to 'None'
[0.673s] Level 5:colcon.colcon_core.verb:set package 'circle_movement' build argument 'catkin_cmake_args' from command line to 'None'
[0.673s] Level 5:colcon.colcon_core.verb:set package 'circle_movement' build argument 'catkin_skip_building_tests' from command line to 'False'
[0.673s] DEBUG:colcon.colcon_core.verb:Building package 'circle_movement' with the following arguments: {'ament_cmake_args': None, 'build_base': '/home/nekr/ros2_ws/src/circle_movement/build/circle_movement', 'catkin_cmake_args': None, 'catkin_skip_building_tests': False, 'cmake_args': None, 'cmake_clean_cache': False, 'cmake_clean_first': False, 'cmake_force_configure': False, 'cmake_target': None, 'cmake_target_skip_unavailable': False, 'install_base': '/home/nekr/ros2_ws/src/circle_movement/install/circle_movement', 'merge_install': False, 'path': '/home/nekr/ros2_ws/src/circle_movement', 'symlink_install': False, 'test_result_base': None}
[0.675s] INFO:colcon.colcon_core.executor:Executing jobs using 'parallel' executor
[0.679s] DEBUG:colcon.colcon_parallel_executor.executor.parallel:run_until_complete
[0.679s] INFO:colcon.colcon_ros.task.ament_python.build:Building ROS package in '/home/nekr/ros2_ws/src/circle_movement' with build type 'ament_python'
[0.680s] Level 1:colcon.colcon_core.shell:create_environment_hook('circle_movement', 'ament_prefix_path')
[0.685s] INFO:colcon.colcon_core.plugin_system:Skipping extension 'colcon_core.shell.bat': Not used on non-Windows systems
[0.685s] INFO:colcon.colcon_core.shell:Creating environment hook '/home/nekr/ros2_ws/src/circle_movement/install/circle_movement/share/circle_movement/hook/ament_prefix_path.ps1'
[0.687s] INFO:colcon.colcon_core.shell:Creating environment descriptor '/home/nekr/ros2_ws/src/circle_movement/install/circle_movement/share/circle_movement/hook/ament_prefix_path.dsv'
[0.687s] INFO:colcon.colcon_core.shell:Creating environment hook '/home/nekr/ros2_ws/src/circle_movement/install/circle_movement/share/circle_movement/hook/ament_prefix_path.sh'
[0.689s] INFO:colcon.colcon_core.shell:Skip shell extension 'powershell' for command environment: Not usable outside of PowerShell
[0.689s] DEBUG:colcon.colcon_core.shell:Skip shell extension 'dsv' for command environment
[0.959s] INFO:colcon.colcon_core.task.python.build:Building Python package in '/home/nekr/ros2_ws/src/circle_movement'
[0.961s] INFO:colcon.colcon_core.shell:Skip shell extension 'powershell' for command environment: Not usable outside of PowerShell
[0.961s] DEBUG:colcon.colcon_core.shell:Skip shell extension 'dsv' for command environment
[1.299s] DEBUG:colcon.colcon_core.event_handler.log_command:Invoking command in '/home/nekr/ros2_ws/src/circle_movement': PYTHONPATH=/home/nekr/ros2_ws/src/circle_movement/build/circle_movement/prefix_override:/home/nekr/ros2_ws/src/circle_movement/install/circle_movement/lib/python3.10/site-packages:${PYTHONPATH} /usr/bin/python3 setup.py egg_info --egg-base build/circle_movement build --build-base /home/nekr/ros2_ws/src/circle_movement/build/circle_movement/build install --record /home/nekr/ros2_ws/src/circle_movement/build/circle_movement/install.log --single-version-externally-managed
[1.566s] DEBUG:colcon.colcon_core.event_handler.log_command:Invoked command in '/home/nekr/ros2_ws/src/circle_movement' returned '0': PYTHONPATH=/home/nekr/ros2_ws/src/circle_movement/build/circle_movement/prefix_override:/home/nekr/ros2_ws/src/circle_movement/install/circle_movement/lib/python3.10/site-packages:${PYTHONPATH} /usr/bin/python3 setup.py egg_info --egg-base build/circle_movement build --build-base /home/nekr/ros2_ws/src/circle_movement/build/circle_movement/build install --record /home/nekr/ros2_ws/src/circle_movement/build/circle_movement/install.log --single-version-externally-managed
[1.571s] Level 1:colcon.colcon_core.environment:checking '/home/nekr/ros2_ws/src/circle_movement/install/circle_movement' for CMake module files
[1.572s] Level 1:colcon.colcon_core.environment:checking '/home/nekr/ros2_ws/src/circle_movement/install/circle_movement' for CMake config files
[1.572s] Level 1:colcon.colcon_core.environment:checking '/home/nekr/ros2_ws/src/circle_movement/install/circle_movement/lib'
[1.572s] Level 1:colcon.colcon_core.environment:checking '/home/nekr/ros2_ws/src/circle_movement/install/circle_movement/bin'
[1.572s] Level 1:colcon.colcon_core.environment:checking '/home/nekr/ros2_ws/src/circle_movement/install/circle_movement/lib/pkgconfig/circle_movement.pc'
[1.573s] Level 1:colcon.colcon_core.environment:checking '/home/nekr/ros2_ws/src/circle_movement/install/circle_movement/lib/python3.10/site-packages'
[1.573s] Level 1:colcon.colcon_core.shell:create_environment_hook('circle_movement', 'pythonpath')
[1.574s] INFO:colcon.colcon_core.shell:Creating environment hook '/home/nekr/ros2_ws/src/circle_movement/install/circle_movement/share/circle_movement/hook/pythonpath.ps1'
[1.574s] INFO:colcon.colcon_core.shell:Creating environment descriptor '/home/nekr/ros2_ws/src/circle_movement/install/circle_movement/share/circle_movement/hook/pythonpath.dsv'
[1.575s] INFO:colcon.colcon_core.shell:Creating environment hook '/home/nekr/ros2_ws/src/circle_movement/install/circle_movement/share/circle_movement/hook/pythonpath.sh'
[1.575s] Level 1:colcon.colcon_core.environment:checking '/home/nekr/ros2_ws/src/circle_movement/install/circle_movement/bin'
[1.575s] Level 1:colcon.colcon_core.environment:create_environment_scripts_only(circle_movement)
[1.576s] INFO:colcon.colcon_core.shell:Creating package script '/home/nekr/ros2_ws/src/circle_movement/install/circle_movement/share/circle_movement/package.ps1'
[1.578s] INFO:colcon.colcon_core.shell:Creating package descriptor '/home/nekr/ros2_ws/src/circle_movement/install/circle_movement/share/circle_movement/package.dsv'
[1.578s] INFO:colcon.colcon_core.shell:Creating package script '/home/nekr/ros2_ws/src/circle_movement/install/circle_movement/share/circle_movement/package.sh'
[1.579s] INFO:colcon.colcon_core.shell:Creating package script '/home/nekr/ros2_ws/src/circle_movement/install/circle_movement/share/circle_movement/package.bash'
[1.579s] INFO:colcon.colcon_core.shell:Creating package script '/home/nekr/ros2_ws/src/circle_movement/install/circle_movement/share/circle_movement/package.zsh'
[1.580s] Level 1:colcon.colcon_core.environment:create_file_with_runtime_dependencies(/home/nekr/ros2_ws/src/circle_movement/install/circle_movement/share/colcon-core/packages/circle_movement)
[1.581s] DEBUG:colcon.colcon_parallel_executor.executor.parallel:closing loop
[1.582s] DEBUG:colcon.colcon_parallel_executor.executor.parallel:loop closed
[1.583s] DEBUG:colcon.colcon_parallel_executor.executor.parallel:run_until_complete finished with '0'
[1.583s] DEBUG:colcon.colcon_core.event_reactor:joining thread
[1.662s] INFO:colcon.colcon_core.plugin_system:Skipping extension 'colcon_notification.desktop_notification.notify_send': Could not find 'notify-send'
[1.662s] INFO:colcon.colcon_core.plugin_system:Skipping extension 'colcon_notification.desktop_notification.terminal_notifier': Not used on non-Darwin systems
[1.663s] INFO:colcon.colcon_core.plugin_system:Skipping extension 'colcon_notification.desktop_notification.win32': Not used on non-Windows systems
[1.663s] INFO:colcon.colcon_notification.desktop_notification:Sending desktop notification using 'notify2'
[1.663s] DEBUG:colcon.colcon_notification.desktop_notification.notify2:Failed to initialize notify2: org.freedesktop.DBus.Error.FileNotFound: Failed to connect to socket /run/user/1000/bus: No such file or directory
[1.663s] DEBUG:colcon.colcon_core.event_reactor:joined thread
[1.665s] INFO:colcon.colcon_core.shell:Creating prefix script '/home/nekr/ros2_ws/src/circle_movement/install/local_setup.ps1'
[1.666s] INFO:colcon.colcon_core.shell:Creating prefix util module '/home/nekr/ros2_ws/src/circle_movement/install/_local_setup_util_ps1.py'
[1.667s] INFO:colcon.colcon_core.shell:Creating prefix chain script '/home/nekr/ros2_ws/src/circle_movement/install/setup.ps1'
[1.669s] INFO:colcon.colcon_core.shell:Creating prefix script '/home/nekr/ros2_ws/src/circle_movement/install/local_setup.sh'
[1.669s] INFO:colcon.colcon_core.shell:Creating prefix util module '/home/nekr/ros2_ws/src/circle_movement/install/_local_setup_util_sh.py'
[1.670s] INFO:colcon.colcon_core.shell:Creating prefix chain script '/home/nekr/ros2_ws/src/circle_movement/install/setup.sh'
[1.671s] INFO:colcon.colcon_core.shell:Creating prefix script '/home/nekr/ros2_ws/src/circle_movement/install/local_setup.bash'
[1.672s] INFO:colcon.colcon_core.shell:Creating prefix chain script '/home/nekr/ros2_ws/src/circle_movement/install/setup.bash'
[1.673s] INFO:colcon.colcon_core.shell:Creating prefix script '/home/nekr/ros2_ws/src/circle_movement/install/local_setup.zsh'
[1.673s] INFO:colcon.colcon_core.shell:Creating prefix chain script '/home/nekr/ros2_ws/src/circle_movement/install/setup.zsh'
