[0.031s] Invoking command in '/home/nekr/6/6.1/my_robot/build/robot_app': CMAKE_PREFIX_PATH=${CMAKE_PREFIX_PATH}:/opt/ros/humble /usr/bin/cmake /home/nekr/6/6.1/my_robot/robot_app -DCMAKE_INSTALL_PREFIX=/home/nekr/6/6.1/my_robot/install/robot_app
[0.276s] -- The C compiler identification is GNU 11.4.0
[0.847s] -- The CXX compiler identification is GNU 11.4.0
[1.446s] -- Detecting C compiler ABI info
[1.582s] -- Detecting C compiler ABI info - done
[1.590s] -- Check for working C compiler: /usr/bin/cc - skipped
[1.591s] -- Detecting C compile features
[1.592s] -- Detecting C compile features - done
[1.597s] -- Detecting CXX compiler ABI info
[1.800s] -- Detecting CXX compiler ABI info - done
[1.809s] -- Check for working CXX compiler: /usr/bin/c++ - skipped
[1.810s] -- Detecting CXX compile features
[1.810s] -- Detecting CXX compile features - done
[1.815s] -- Found ament_cmake: 1.3.5 (/opt/ros/humble/share/ament_cmake/cmake)
[2.023s] -- Found Python3: /usr/bin/python3.10 (found version "3.10.12") found components: Interpreter 
[2.243s] -- Configuring done
[2.246s] -- Generating done
[2.247s] -- Build files have been written to: /home/nekr/6/6.1/my_robot/build/robot_app
[2.251s] Invoked command in '/home/nekr/6/6.1/my_robot/build/robot_app' returned '0': CMAKE_PREFIX_PATH=${CMAKE_PREFIX_PATH}:/opt/ros/humble /usr/bin/cmake /home/nekr/6/6.1/my_robot/robot_app -DCMAKE_INSTALL_PREFIX=/home/nekr/6/6.1/my_robot/install/robot_app
[2.254s] Invoking command in '/home/nekr/6/6.1/my_robot/build/robot_app': CMAKE_PREFIX_PATH=${CMAKE_PREFIX_PATH}:/opt/ros/humble /usr/bin/cmake --build /home/nekr/6/6.1/my_robot/build/robot_app -- -j16 -l16
[2.284s] Invoked command in '/home/nekr/6/6.1/my_robot/build/robot_app' returned '0': CMAKE_PREFIX_PATH=${CMAKE_PREFIX_PATH}:/opt/ros/humble /usr/bin/cmake --build /home/nekr/6/6.1/my_robot/build/robot_app -- -j16 -l16
[2.308s] Invoking command in '/home/nekr/6/6.1/my_robot/build/robot_app': CMAKE_PREFIX_PATH=${CMAKE_PREFIX_PATH}:/opt/ros/humble /usr/bin/cmake --install /home/nekr/6/6.1/my_robot/build/robot_app
[2.316s] -- Install configuration: ""
[2.317s] -- Installing: /home/nekr/6/6.1/my_robot/install/robot_app/share/ament_index/resource_index/package_run_dependencies/robot_app
[2.318s] -- Installing: /home/nekr/6/6.1/my_robot/install/robot_app/share/ament_index/resource_index/parent_prefix_path/robot_app
[2.319s] -- Installing: /home/nekr/6/6.1/my_robot/install/robot_app/share/robot_app/environment/ament_prefix_path.sh
[2.320s] -- Installing: /home/nekr/6/6.1/my_robot/install/robot_app/share/robot_app/environment/ament_prefix_path.dsv
[2.320s] -- Installing: /home/nekr/6/6.1/my_robot/install/robot_app/share/robot_app/environment/path.sh
[2.320s] -- Installing: /home/nekr/6/6.1/my_robot/install/robot_app/share/robot_app/environment/path.dsv
[2.320s] -- Installing: /home/nekr/6/6.1/my_robot/install/robot_app/share/robot_app/local_setup.bash
[2.321s] -- Installing: /home/nekr/6/6.1/my_robot/install/robot_app/share/robot_app/local_setup.sh
[2.321s] -- Installing: /home/nekr/6/6.1/my_robot/install/robot_app/share/robot_app/local_setup.zsh
[2.321s] -- Installing: /home/nekr/6/6.1/my_robot/install/robot_app/share/robot_app/local_setup.dsv
[2.321s] -- Installing: /home/nekr/6/6.1/my_robot/install/robot_app/share/robot_app/package.dsv
[2.321s] -- Installing: /home/nekr/6/6.1/my_robot/install/robot_app/share/ament_index/resource_index/packages/robot_app
[2.322s] -- Installing: /home/nekr/6/6.1/my_robot/install/robot_app/share/robot_app/cmake/robot_appConfig.cmake
[2.322s] -- Installing: /home/nekr/6/6.1/my_robot/install/robot_app/share/robot_app/cmake/robot_appConfig-version.cmake
[2.322s] -- Installing: /home/nekr/6/6.1/my_robot/install/robot_app/share/robot_app/package.xml
[2.327s] Invoked command in '/home/nekr/6/6.1/my_robot/build/robot_app' returned '0': CMAKE_PREFIX_PATH=${CMAKE_PREFIX_PATH}:/opt/ros/humble /usr/bin/cmake --install /home/nekr/6/6.1/my_robot/build/robot_app
