[0.831s] DEBUG:colcon:Command line arguments: ['/usr/bin/colcon', 'build']
[0.831s] DEBUG:colcon:Parsed command line arguments: Namespace(log_base=None, log_level=None, verb_name='build', build_base='build', install_base='install', merge_install=False, symlink_install=False, test_result_base=None, continue_on_error=False, executor='parallel', parallel_workers=16, event_handlers=None, ignore_user_meta=False, metas=['./colcon.meta'], base_paths=['.'], packages_ignore=None, packages_ignore_regex=None, paths=None, packages_up_to=None, packages_up_to_regex=None, packages_above=None, packages_above_and_dependencies=None, packages_above_depth=None, packages_select_by_dep=None, packages_skip_by_dep=None, packages_skip_up_to=None, packages_select_build_failed=False, packages_skip_build_finished=False, packages_select_test_failures=False, packages_skip_test_passed=False, packages_select=None, packages_skip=None, packages_select_regex=None, packages_skip_regex=None, packages_start=None, packages_end=None, allow_overriding=[], cmake_args=None, cmake_target=None, cmake_target_skip_unavailable=False, cmake_clean_cache=False, cmake_clean_first=False, cmake_force_configure=False, ament_cmake_args=None, catkin_cmake_args=None, catkin_skip_building_tests=False, verb_parser=<colcon_defaults.argument_parser.defaults.DefaultArgumentsDecorator object at 0x7fa17e338d90>, verb_extension=<colcon_core.verb.build.BuildVerb object at 0x7fa17eb18310>, main=<bound method BuildVerb.main of <colcon_core.verb.build.BuildVerb object at 0x7fa17eb18310>>)
[0.894s] Level 1:colcon.colcon_core.package_discovery:discover_packages(colcon_meta) check parameters
[0.895s] Level 1:colcon.colcon_core.package_discovery:discover_packages(recursive) check parameters
[0.895s] Level 1:colcon.colcon_core.package_discovery:discover_packages(ignore) check parameters
[0.895s] Level 1:colcon.colcon_core.package_discovery:discover_packages(path) check parameters
[0.895s] Level 1:colcon.colcon_core.package_discovery:discover_packages(colcon_meta) discover
[0.895s] Level 1:colcon.colcon_core.package_discovery:discover_packages(recursive) discover
[0.895s] INFO:colcon.colcon_core.package_discovery:Crawling recursively for packages in '/home/nekr/ros2_ws/src/lidar_stop'
[0.895s] Level 1:colcon.colcon_core.package_identification:_identify(.) by extensions ['ignore', 'ignore_ament_install']
[0.895s] Level 1:colcon.colcon_core.package_identification:_identify(.) by extension 'ignore'
[0.895s] Level 1:colcon.colcon_core.package_identification:_identify(.) by extension 'ignore_ament_install'
[0.895s] Level 1:colcon.colcon_core.package_identification:_identify(.) by extensions ['colcon_pkg']
[0.895s] Level 1:colcon.colcon_core.package_identification:_identify(.) by extension 'colcon_pkg'
[0.895s] Level 1:colcon.colcon_core.package_identification:_identify(.) by extensions ['colcon_meta']
[0.895s] Level 1:colcon.colcon_core.package_identification:_identify(.) by extension 'colcon_meta'
[0.895s] Level 1:colcon.colcon_core.package_identification:_identify(.) by extensions ['ros']
[0.895s] Level 1:colcon.colcon_core.package_identification:_identify(.) by extension 'ros'
[0.913s] DEBUG:colcon.colcon_core.package_identification:Package '.' with type 'ros.ament_python' and name 'lidar_stop'
[0.913s] Level 1:colcon.colcon_core.package_discovery:discover_packages(recursive) using defaults
[0.913s] Level 1:colcon.colcon_core.package_discovery:discover_packages(ignore) discover
[0.913s] Level 1:colcon.colcon_core.package_discovery:discover_packages(ignore) using defaults
[0.913s] Level 1:colcon.colcon_core.package_discovery:discover_packages(path) discover
[0.913s] Level 1:colcon.colcon_core.package_discovery:discover_packages(path) using defaults
[0.958s] Level 1:colcon.colcon_core.package_discovery:discover_packages(prefix_path) check parameters
[0.958s] Level 1:colcon.colcon_core.package_discovery:discover_packages(prefix_path) discover
[0.965s] DEBUG:colcon.colcon_installed_package_information.package_discovery:Found 12 installed packages in /home/nekr/ws/install
[0.966s] DEBUG:colcon.colcon_installed_package_information.package_discovery:Found 288 installed packages in /opt/ros/humble
[0.968s] Level 1:colcon.colcon_core.package_discovery:discover_packages(prefix_path) using defaults
[1.055s] Level 5:colcon.colcon_core.verb:set package 'lidar_stop' build argument 'cmake_args' from command line to 'None'
[1.055s] Level 5:colcon.colcon_core.verb:set package 'lidar_stop' build argument 'cmake_target' from command line to 'None'
[1.055s] Level 5:colcon.colcon_core.verb:set package 'lidar_stop' build argument 'cmake_target_skip_unavailable' from command line to 'False'
[1.055s] Level 5:colcon.colcon_core.verb:set package 'lidar_stop' build argument 'cmake_clean_cache' from command line to 'False'
[1.055s] Level 5:colcon.colcon_core.verb:set package 'lidar_stop' build argument 'cmake_clean_first' from command line to 'False'
[1.055s] Level 5:colcon.colcon_core.verb:set package 'lidar_stop' build argument 'cmake_force_configure' from command line to 'False'
[1.055s] Level 5:colcon.colcon_core.verb:set package 'lidar_stop' build argument 'ament_cmake_args' from command line to 'None'
[1.055s] Level 5:colcon.colcon_core.verb:set package 'lidar_stop' build argument 'catkin_cmake_args' from command line to 'None'
[1.055s] Level 5:colcon.colcon_core.verb:set package 'lidar_stop' build argument 'catkin_skip_building_tests' from command line to 'False'
[1.055s] DEBUG:colcon.colcon_core.verb:Building package 'lidar_stop' with the following arguments: {'ament_cmake_args': None, 'build_base': '/home/nekr/ros2_ws/src/lidar_stop/build/lidar_stop', 'catkin_cmake_args': None, 'catkin_skip_building_tests': False, 'cmake_args': None, 'cmake_clean_cache': False, 'cmake_clean_first': False, 'cmake_force_configure': False, 'cmake_target': None, 'cmake_target_skip_unavailable': False, 'install_base': '/home/nekr/ros2_ws/src/lidar_stop/install/lidar_stop', 'merge_install': False, 'path': '/home/nekr/ros2_ws/src/lidar_stop', 'symlink_install': False, 'test_result_base': None}
[1.056s] INFO:colcon.colcon_core.executor:Executing jobs using 'parallel' executor
[1.060s] DEBUG:colcon.colcon_parallel_executor.executor.parallel:run_until_complete
[1.060s] INFO:colcon.colcon_ros.task.ament_python.build:Building ROS package in '/home/nekr/ros2_ws/src/lidar_stop' with build type 'ament_python'
[1.060s] Level 1:colcon.colcon_core.shell:create_environment_hook('lidar_stop', 'ament_prefix_path')
[1.071s] INFO:colcon.colcon_core.plugin_system:Skipping extension 'colcon_core.shell.bat': Not used on non-Windows systems
[1.071s] INFO:colcon.colcon_core.shell:Creating environment hook '/home/nekr/ros2_ws/src/lidar_stop/install/lidar_stop/share/lidar_stop/hook/ament_prefix_path.ps1'
[1.073s] INFO:colcon.colcon_core.shell:Creating environment descriptor '/home/nekr/ros2_ws/src/lidar_stop/install/lidar_stop/share/lidar_stop/hook/ament_prefix_path.dsv'
[1.074s] INFO:colcon.colcon_core.shell:Creating environment hook '/home/nekr/ros2_ws/src/lidar_stop/install/lidar_stop/share/lidar_stop/hook/ament_prefix_path.sh'
[1.077s] INFO:colcon.colcon_core.shell:Skip shell extension 'powershell' for command environment: Not usable outside of PowerShell
[1.077s] DEBUG:colcon.colcon_core.shell:Skip shell extension 'dsv' for command environment
[1.357s] INFO:colcon.colcon_core.task.python.build:Building Python package in '/home/nekr/ros2_ws/src/lidar_stop'
[1.359s] INFO:colcon.colcon_core.shell:Skip shell extension 'powershell' for command environment: Not usable outside of PowerShell
[1.359s] DEBUG:colcon.colcon_core.shell:Skip shell extension 'dsv' for command environment
[1.785s] DEBUG:colcon.colcon_core.event_handler.log_command:Invoking command in '/home/nekr/ros2_ws/src/lidar_stop': PYTHONPATH=/home/nekr/ros2_ws/src/lidar_stop/build/lidar_stop/prefix_override:/home/nekr/ros2_ws/src/lidar_stop/install/lidar_stop/lib/python3.10/site-packages:${PYTHONPATH} /usr/bin/python3 setup.py egg_info --egg-base build/lidar_stop build --build-base /home/nekr/ros2_ws/src/lidar_stop/build/lidar_stop/build install --record /home/nekr/ros2_ws/src/lidar_stop/build/lidar_stop/install.log --single-version-externally-managed
[2.096s] DEBUG:colcon.colcon_core.event_handler.log_command:Invoked command in '/home/nekr/ros2_ws/src/lidar_stop' returned '0': PYTHONPATH=/home/nekr/ros2_ws/src/lidar_stop/build/lidar_stop/prefix_override:/home/nekr/ros2_ws/src/lidar_stop/install/lidar_stop/lib/python3.10/site-packages:${PYTHONPATH} /usr/bin/python3 setup.py egg_info --egg-base build/lidar_stop build --build-base /home/nekr/ros2_ws/src/lidar_stop/build/lidar_stop/build install --record /home/nekr/ros2_ws/src/lidar_stop/build/lidar_stop/install.log --single-version-externally-managed
[2.109s] Level 1:colcon.colcon_core.environment:checking '/home/nekr/ros2_ws/src/lidar_stop/install/lidar_stop' for CMake module files
[2.110s] Level 1:colcon.colcon_core.environment:checking '/home/nekr/ros2_ws/src/lidar_stop/install/lidar_stop' for CMake config files
[2.110s] Level 1:colcon.colcon_core.environment:checking '/home/nekr/ros2_ws/src/lidar_stop/install/lidar_stop/lib'
[2.111s] Level 1:colcon.colcon_core.environment:checking '/home/nekr/ros2_ws/src/lidar_stop/install/lidar_stop/bin'
[2.111s] Level 1:colcon.colcon_core.environment:checking '/home/nekr/ros2_ws/src/lidar_stop/install/lidar_stop/lib/pkgconfig/lidar_stop.pc'
[2.111s] Level 1:colcon.colcon_core.environment:checking '/home/nekr/ros2_ws/src/lidar_stop/install/lidar_stop/lib/python3.10/site-packages'
[2.111s] Level 1:colcon.colcon_core.shell:create_environment_hook('lidar_stop', 'pythonpath')
[2.112s] INFO:colcon.colcon_core.shell:Creating environment hook '/home/nekr/ros2_ws/src/lidar_stop/install/lidar_stop/share/lidar_stop/hook/pythonpath.ps1'
[2.113s] INFO:colcon.colcon_core.shell:Creating environment descriptor '/home/nekr/ros2_ws/src/lidar_stop/install/lidar_stop/share/lidar_stop/hook/pythonpath.dsv'
[2.113s] INFO:colcon.colcon_core.shell:Creating environment hook '/home/nekr/ros2_ws/src/lidar_stop/install/lidar_stop/share/lidar_stop/hook/pythonpath.sh'
[2.113s] Level 1:colcon.colcon_core.environment:checking '/home/nekr/ros2_ws/src/lidar_stop/install/lidar_stop/bin'
[2.114s] Level 1:colcon.colcon_core.environment:create_environment_scripts_only(lidar_stop)
[2.115s] INFO:colcon.colcon_core.shell:Creating package script '/home/nekr/ros2_ws/src/lidar_stop/install/lidar_stop/share/lidar_stop/package.ps1'
[2.116s] INFO:colcon.colcon_core.shell:Creating package descriptor '/home/nekr/ros2_ws/src/lidar_stop/install/lidar_stop/share/lidar_stop/package.dsv'
[2.117s] INFO:colcon.colcon_core.shell:Creating package script '/home/nekr/ros2_ws/src/lidar_stop/install/lidar_stop/share/lidar_stop/package.sh'
[2.119s] INFO:colcon.colcon_core.shell:Creating package script '/home/nekr/ros2_ws/src/lidar_stop/install/lidar_stop/share/lidar_stop/package.bash'
[2.120s] INFO:colcon.colcon_core.shell:Creating package script '/home/nekr/ros2_ws/src/lidar_stop/install/lidar_stop/share/lidar_stop/package.zsh'
[2.122s] Level 1:colcon.colcon_core.environment:create_file_with_runtime_dependencies(/home/nekr/ros2_ws/src/lidar_stop/install/lidar_stop/share/colcon-core/packages/lidar_stop)
[2.123s] DEBUG:colcon.colcon_parallel_executor.executor.parallel:closing loop
[2.123s] DEBUG:colcon.colcon_parallel_executor.executor.parallel:loop closed
[2.123s] DEBUG:colcon.colcon_parallel_executor.executor.parallel:run_until_complete finished with '0'
[2.123s] DEBUG:colcon.colcon_core.event_reactor:joining thread
[2.193s] INFO:colcon.colcon_core.plugin_system:Skipping extension 'colcon_notification.desktop_notification.notify_send': Could not find 'notify-send'
[2.193s] INFO:colcon.colcon_core.plugin_system:Skipping extension 'colcon_notification.desktop_notification.terminal_notifier': Not used on non-Darwin systems
[2.194s] INFO:colcon.colcon_core.plugin_system:Skipping extension 'colcon_notification.desktop_notification.win32': Not used on non-Windows systems
[2.194s] INFO:colcon.colcon_notification.desktop_notification:Sending desktop notification using 'notify2'
[2.194s] DEBUG:colcon.colcon_notification.desktop_notification.notify2:Failed to initialize notify2: org.freedesktop.DBus.Error.FileNotFound: Failed to connect to socket /run/user/1000/bus: No such file or directory
[2.194s] DEBUG:colcon.colcon_core.event_reactor:joined thread
[2.195s] INFO:colcon.colcon_core.shell:Creating prefix script '/home/nekr/ros2_ws/src/lidar_stop/install/local_setup.ps1'
[2.198s] INFO:colcon.colcon_core.shell:Creating prefix util module '/home/nekr/ros2_ws/src/lidar_stop/install/_local_setup_util_ps1.py'
[2.200s] INFO:colcon.colcon_core.shell:Creating prefix chain script '/home/nekr/ros2_ws/src/lidar_stop/install/setup.ps1'
[2.202s] INFO:colcon.colcon_core.shell:Creating prefix script '/home/nekr/ros2_ws/src/lidar_stop/install/local_setup.sh'
[2.202s] INFO:colcon.colcon_core.shell:Creating prefix util module '/home/nekr/ros2_ws/src/lidar_stop/install/_local_setup_util_sh.py'
[2.203s] INFO:colcon.colcon_core.shell:Creating prefix chain script '/home/nekr/ros2_ws/src/lidar_stop/install/setup.sh'
[2.205s] INFO:colcon.colcon_core.shell:Creating prefix script '/home/nekr/ros2_ws/src/lidar_stop/install/local_setup.bash'
[2.206s] INFO:colcon.colcon_core.shell:Creating prefix chain script '/home/nekr/ros2_ws/src/lidar_stop/install/setup.bash'
[2.208s] INFO:colcon.colcon_core.shell:Creating prefix script '/home/nekr/ros2_ws/src/lidar_stop/install/local_setup.zsh'
[2.209s] INFO:colcon.colcon_core.shell:Creating prefix chain script '/home/nekr/ros2_ws/src/lidar_stop/install/setup.zsh'
