[0.028s] Invoking command in '/home/nekr/6/6.1/my_robot/build/robot_bringup': CMAKE_PREFIX_PATH=${CMAKE_PREFIX_PATH}:/opt/ros/humble /usr/bin/cmake /home/nekr/6/6.1/my_robot/robot_bringup -DCMAKE_INSTALL_PREFIX=/home/nekr/6/6.1/my_robot/install/robot_bringup
[0.297s] -- The C compiler identification is GNU 11.4.0
[0.978s] -- The CXX compiler identification is GNU 11.4.0
[1.538s] -- Detecting C compiler ABI info
[1.709s] -- Detecting C compiler ABI info - done
[1.718s] -- Check for working C compiler: /usr/bin/cc - skipped
[1.718s] -- Detecting C compile features
[1.719s] -- Detecting C compile features - done
[1.723s] -- Detecting CXX compiler ABI info
[1.929s] -- Detecting CXX compiler ABI info - done
[1.938s] -- Check for working CXX compiler: /usr/bin/c++ - skipped
[1.938s] -- Detecting CXX compile features
[1.939s] -- Detecting CXX compile features - done
[1.942s] -- Found ament_cmake: 1.3.5 (/opt/ros/humble/share/ament_cmake/cmake)
[2.125s] -- Found Python3: /usr/bin/python3.10 (found version "3.10.12") found components: Interpreter 
[2.217s] -- Found ament_lint_auto: 0.12.7 (/opt/ros/humble/share/ament_lint_auto/cmake)
[2.293s] -- Configuring done
[2.298s] -- Generating done
[2.299s] -- Build files have been written to: /home/nekr/6/6.1/my_robot/build/robot_bringup
[2.305s] Invoked command in '/home/nekr/6/6.1/my_robot/build/robot_bringup' returned '0': CMAKE_PREFIX_PATH=${CMAKE_PREFIX_PATH}:/opt/ros/humble /usr/bin/cmake /home/nekr/6/6.1/my_robot/robot_bringup -DCMAKE_INSTALL_PREFIX=/home/nekr/6/6.1/my_robot/install/robot_bringup
[2.306s] Invoking command in '/home/nekr/6/6.1/my_robot/build/robot_bringup': CMAKE_PREFIX_PATH=${CMAKE_PREFIX_PATH}:/opt/ros/humble /usr/bin/cmake --build /home/nekr/6/6.1/my_robot/build/robot_bringup -- -j16 -l16
[2.348s] Invoked command in '/home/nekr/6/6.1/my_robot/build/robot_bringup' returned '0': CMAKE_PREFIX_PATH=${CMAKE_PREFIX_PATH}:/opt/ros/humble /usr/bin/cmake --build /home/nekr/6/6.1/my_robot/build/robot_bringup -- -j16 -l16
[2.377s] Invoking command in '/home/nekr/6/6.1/my_robot/build/robot_bringup': CMAKE_PREFIX_PATH=${CMAKE_PREFIX_PATH}:/opt/ros/humble /usr/bin/cmake --install /home/nekr/6/6.1/my_robot/build/robot_bringup
[2.383s] -- Install configuration: ""
[2.383s] -- Installing: /home/nekr/6/6.1/my_robot/install/robot_bringup/share/robot_bringup/launch
[2.384s] -- Installing: /home/nekr/6/6.1/my_robot/install/robot_bringup/share/robot_bringup/launch/diff_drive.launch.py
[2.384s] -- Installing: /home/nekr/6/6.1/my_robot/install/robot_bringup/share/robot_bringup/config
[2.384s] -- Installing: /home/nekr/6/6.1/my_robot/install/robot_bringup/share/robot_bringup/config/robot_bridge.yaml
[2.384s] -- Installing: /home/nekr/6/6.1/my_robot/install/robot_bringup/share/robot_bringup/config/diff_drive.rviz
[2.384s] -- Installing: /home/nekr/6/6.1/my_robot/install/robot_bringup/share/ament_index/resource_index/package_run_dependencies/robot_bringup
[2.384s] -- Installing: /home/nekr/6/6.1/my_robot/install/robot_bringup/share/ament_index/resource_index/parent_prefix_path/robot_bringup
[2.385s] -- Installing: /home/nekr/6/6.1/my_robot/install/robot_bringup/share/robot_bringup/environment/ament_prefix_path.sh
[2.385s] -- Installing: /home/nekr/6/6.1/my_robot/install/robot_bringup/share/robot_bringup/environment/ament_prefix_path.dsv
[2.385s] -- Installing: /home/nekr/6/6.1/my_robot/install/robot_bringup/share/robot_bringup/environment/path.sh
[2.385s] -- Installing: /home/nekr/6/6.1/my_robot/install/robot_bringup/share/robot_bringup/environment/path.dsv
[2.385s] -- Installing: /home/nekr/6/6.1/my_robot/install/robot_bringup/share/robot_bringup/local_setup.bash
[2.386s] -- Installing: /home/nekr/6/6.1/my_robot/install/robot_bringup/share/robot_bringup/local_setup.sh
[2.386s] -- Installing: /home/nekr/6/6.1/my_robot/install/robot_bringup/share/robot_bringup/local_setup.zsh
[2.386s] -- Installing: /home/nekr/6/6.1/my_robot/install/robot_bringup/share/robot_bringup/local_setup.dsv
[2.386s] -- Installing: /home/nekr/6/6.1/my_robot/install/robot_bringup/share/robot_bringup/package.dsv
[2.386s] -- Installing: /home/nekr/6/6.1/my_robot/install/robot_bringup/share/ament_index/resource_index/packages/robot_bringup
[2.386s] -- Installing: /home/nekr/6/6.1/my_robot/install/robot_bringup/share/robot_bringup/cmake/robot_bringupConfig.cmake
[2.387s] -- Installing: /home/nekr/6/6.1/my_robot/install/robot_bringup/share/robot_bringup/cmake/robot_bringupConfig-version.cmake
[2.387s] -- Installing: /home/nekr/6/6.1/my_robot/install/robot_bringup/share/robot_bringup/package.xml
[2.391s] Invoked command in '/home/nekr/6/6.1/my_robot/build/robot_bringup' returned '0': CMAKE_PREFIX_PATH=${CMAKE_PREFIX_PATH}:/opt/ros/humble /usr/bin/cmake --install /home/nekr/6/6.1/my_robot/build/robot_bringup
