[0.612s] Invoking command in '/home/nekr/ros2_ws/src/circle_movement': PYTHONPATH=/home/nekr/ros2_ws/src/circle_movement/build/circle_movement/prefix_override:/home/nekr/ros2_ws/src/circle_movement/install/circle_movement/lib/python3.10/site-packages:${PYTHONPATH} /usr/bin/python3 setup.py egg_info --egg-base build/circle_movement build --build-base /home/nekr/ros2_ws/src/circle_movement/build/circle_movement/build install --record /home/nekr/ros2_ws/src/circle_movement/build/circle_movement/install.log --single-version-externally-managed
[0.871s] running egg_info
[0.872s] writing build/circle_movement/circle_movement.egg-info/PKG-INFO
[0.873s] writing dependency_links to build/circle_movement/circle_movement.egg-info/dependency_links.txt
[0.873s] writing entry points to build/circle_movement/circle_movement.egg-info/entry_points.txt
[0.873s] writing requirements to build/circle_movement/circle_movement.egg-info/requires.txt
[0.873s] writing top-level names to build/circle_movement/circle_movement.egg-info/top_level.txt
[0.875s] reading manifest file 'build/circle_movement/circle_movement.egg-info/SOURCES.txt'
[0.876s] writing manifest file 'build/circle_movement/circle_movement.egg-info/SOURCES.txt'
[0.876s] running build
[0.876s] running build_py
[0.876s] copying circle_movement/circle_movement.py -> /home/nekr/ros2_ws/src/circle_movement/build/circle_movement/build/lib/circle_movement
[0.877s] running install
[0.877s] /usr/lib/python3/dist-packages/setuptools/command/install.py:34: SetuptoolsDeprecationWarning: setup.py install is deprecated. Use build and pip and other standards-based tools.
[0.877s]   warnings.warn(
[0.877s] running install_lib
[0.878s] copying /home/nekr/ros2_ws/src/circle_movement/build/circle_movement/build/lib/circle_movement/circle_movement.py -> /home/nekr/ros2_ws/src/circle_movement/install/circle_movement/lib/python3.10/site-packages/circle_movement
[0.879s] byte-compiling /home/nekr/ros2_ws/src/circle_movement/install/circle_movement/lib/python3.10/site-packages/circle_movement/circle_movement.py to circle_movement.cpython-310.pyc
[0.879s] running install_data
[0.880s] running install_egg_info
[0.882s] removing '/home/nekr/ros2_ws/src/circle_movement/install/circle_movement/lib/python3.10/site-packages/circle_movement-0.0.0-py3.10.egg-info' (and everything under it)
[0.883s] Copying build/circle_movement/circle_movement.egg-info to /home/nekr/ros2_ws/src/circle_movement/install/circle_movement/lib/python3.10/site-packages/circle_movement-0.0.0-py3.10.egg-info
[0.884s] running install_scripts
[0.907s] Installing circle script to /home/nekr/ros2_ws/src/circle_movement/install/circle_movement/lib/circle_movement
[0.908s] writing list of installed files to '/home/nekr/ros2_ws/src/circle_movement/build/circle_movement/install.log'
[0.933s] Invoked command in '/home/nekr/ros2_ws/src/circle_movement' returned '0': PYTHONPATH=/home/nekr/ros2_ws/src/circle_movement/build/circle_movement/prefix_override:/home/nekr/ros2_ws/src/circle_movement/install/circle_movement/lib/python3.10/site-packages:${PYTHONPATH} /usr/bin/python3 setup.py egg_info --egg-base build/circle_movement build --build-base /home/nekr/ros2_ws/src/circle_movement/build/circle_movement/build install --record /home/nekr/ros2_ws/src/circle_movement/build/circle_movement/install.log --single-version-externally-managed
