running egg_info
creating build/depth_stop/depth_stop.egg-info
writing build/depth_stop/depth_stop.egg-info/PKG-INFO
writing dependency_links to build/depth_stop/depth_stop.egg-info/dependency_links.txt
writing entry points to build/depth_stop/depth_stop.egg-info/entry_points.txt
writing requirements to build/depth_stop/depth_stop.egg-info/requires.txt
writing top-level names to build/depth_stop/depth_stop.egg-info/top_level.txt
writing manifest file 'build/depth_stop/depth_stop.egg-info/SOURCES.txt'
reading manifest file 'build/depth_stop/depth_stop.egg-info/SOURCES.txt'
writing manifest file 'build/depth_stop/depth_stop.egg-info/SOURCES.txt'
running build
running build_py
creating /home/nekr/ros2_ws/src/depth_stop/build/depth_stop/build
creating /home/nekr/ros2_ws/src/depth_stop/build/depth_stop/build/lib
creating /home/nekr/ros2_ws/src/depth_stop/build/depth_stop/build/lib/depth_stop
copying depth_stop/__init__.py -> /home/nekr/ros2_ws/src/depth_stop/build/depth_stop/build/lib/depth_stop
copying depth_stop/depth_stop.py -> /home/nekr/ros2_ws/src/depth_stop/build/depth_stop/build/lib/depth_stop
running install
running install_lib
creating /home/nekr/ros2_ws/src/depth_stop/install/depth_stop/lib/python3.10/site-packages/depth_stop
copying /home/nekr/ros2_ws/src/depth_stop/build/depth_stop/build/lib/depth_stop/__init__.py -> /home/nekr/ros2_ws/src/depth_stop/install/depth_stop/lib/python3.10/site-packages/depth_stop
copying /home/nekr/ros2_ws/src/depth_stop/build/depth_stop/build/lib/depth_stop/depth_stop.py -> /home/nekr/ros2_ws/src/depth_stop/install/depth_stop/lib/python3.10/site-packages/depth_stop
byte-compiling /home/nekr/ros2_ws/src/depth_stop/install/depth_stop/lib/python3.10/site-packages/depth_stop/__init__.py to __init__.cpython-310.pyc
byte-compiling /home/nekr/ros2_ws/src/depth_stop/install/depth_stop/lib/python3.10/site-packages/depth_stop/depth_stop.py to depth_stop.cpython-310.pyc
running install_data
creating /home/nekr/ros2_ws/src/depth_stop/install/depth_stop/share/ament_index
creating /home/nekr/ros2_ws/src/depth_stop/install/depth_stop/share/ament_index/resource_index
creating /home/nekr/ros2_ws/src/depth_stop/install/depth_stop/share/ament_index/resource_index/packages
copying resource/depth_stop -> /home/nekr/ros2_ws/src/depth_stop/install/depth_stop/share/ament_index/resource_index/packages
copying package.xml -> /home/nekr/ros2_ws/src/depth_stop/install/depth_stop/share/depth_stop
running install_egg_info
Copying build/depth_stop/depth_stop.egg-info to /home/nekr/ros2_ws/src/depth_stop/install/depth_stop/lib/python3.10/site-packages/depth_stop-0.0.0-py3.10.egg-info
running install_scripts
Installing depth_stop script to /home/nekr/ros2_ws/src/depth_stop/install/depth_stop/lib/depth_stop
writing list of installed files to '/home/nekr/ros2_ws/src/depth_stop/build/depth_stop/install.log'
