[0.956s] Invoking command in '/home/nekr/ros2_ws/src/circle_movement': PYTHONPATH=/home/nekr/ros2_ws/src/circle_movement/build/circle_movement/prefix_override:/home/nekr/ros2_ws/src/circle_movement/install/circle_movement/lib/python3.10/site-packages:${PYTHONPATH} /usr/bin/python3 setup.py egg_info --egg-base build/circle_movement build --build-base /home/nekr/ros2_ws/src/circle_movement/build/circle_movement/build install --record /home/nekr/ros2_ws/src/circle_movement/build/circle_movement/install.log --single-version-externally-managed
[1.332s] running egg_info
[1.333s] writing build/circle_movement/circle_movement.egg-info/PKG-INFO
[1.333s] writing dependency_links to build/circle_movement/circle_movement.egg-info/dependency_links.txt
[1.334s] writing entry points to build/circle_movement/circle_movement.egg-info/entry_points.txt
[1.334s] writing requirements to build/circle_movement/circle_movement.egg-info/requires.txt
[1.334s] writing top-level names to build/circle_movement/circle_movement.egg-info/top_level.txt
[1.337s] reading manifest file 'build/circle_movement/circle_movement.egg-info/SOURCES.txt'
[1.339s] writing manifest file 'build/circle_movement/circle_movement.egg-info/SOURCES.txt'
[1.339s] running build
[1.339s] running build_py
[1.340s] copying circle_movement/circle_movement.py -> /home/nekr/ros2_ws/src/circle_movement/build/circle_movement/build/lib/circle_movement
[1.340s] running install
[1.340s] /usr/lib/python3/dist-packages/setuptools/command/install.py:34: SetuptoolsDeprecationWarning: setup.py install is deprecated. Use build and pip and other standards-based tools.
[1.340s]   warnings.warn(
[1.341s] running install_lib
[1.342s] copying /home/nekr/ros2_ws/src/circle_movement/build/circle_movement/build/lib/circle_movement/circle_movement.py -> /home/nekr/ros2_ws/src/circle_movement/install/circle_movement/lib/python3.10/site-packages/circle_movement
[1.343s] byte-compiling /home/nekr/ros2_ws/src/circle_movement/install/circle_movement/lib/python3.10/site-packages/circle_movement/circle_movement.py to circle_movement.cpython-310.pyc
[1.343s] running install_data
[1.344s] running install_egg_info
[1.347s] removing '/home/nekr/ros2_ws/src/circle_movement/install/circle_movement/lib/python3.10/site-packages/circle_movement-0.0.0-py3.10.egg-info' (and everything under it)
[1.348s] Copying build/circle_movement/circle_movement.egg-info to /home/nekr/ros2_ws/src/circle_movement/install/circle_movement/lib/python3.10/site-packages/circle_movement-0.0.0-py3.10.egg-info
[1.349s] running install_scripts
[1.384s] Installing circle script to /home/nekr/ros2_ws/src/circle_movement/install/circle_movement/lib/circle_movement
[1.385s] writing list of installed files to '/home/nekr/ros2_ws/src/circle_movement/build/circle_movement/install.log'
[1.442s] Invoked command in '/home/nekr/ros2_ws/src/circle_movement' returned '0': PYTHONPATH=/home/nekr/ros2_ws/src/circle_movement/build/circle_movement/prefix_override:/home/nekr/ros2_ws/src/circle_movement/install/circle_movement/lib/python3.10/site-packages:${PYTHONPATH} /usr/bin/python3 setup.py egg_info --egg-base build/circle_movement build --build-base /home/nekr/ros2_ws/src/circle_movement/build/circle_movement/build install --record /home/nekr/ros2_ws/src/circle_movement/build/circle_movement/install.log --single-version-externally-managed
