[0.581s] DEBUG:colcon:Command line arguments: ['/usr/bin/colcon', 'build']
[0.581s] DEBUG:colcon:Parsed command line arguments: Namespace(log_base=None, log_level=None, verb_name='build', build_base='build', install_base='install', merge_install=False, symlink_install=False, test_result_base=None, continue_on_error=False, executor='parallel', parallel_workers=16, event_handlers=None, ignore_user_meta=False, metas=['./colcon.meta'], base_paths=['.'], packages_ignore=None, packages_ignore_regex=None, paths=None, packages_up_to=None, packages_up_to_regex=None, packages_above=None, packages_above_and_dependencies=None, packages_above_depth=None, packages_select_by_dep=None, packages_skip_by_dep=None, packages_skip_up_to=None, packages_select_build_failed=False, packages_skip_build_finished=False, packages_select_test_failures=False, packages_skip_test_passed=False, packages_select=None, packages_skip=None, packages_select_regex=None, packages_skip_regex=None, packages_start=None, packages_end=None, allow_overriding=[], cmake_args=None, cmake_target=None, cmake_target_skip_unavailable=False, cmake_clean_cache=False, cmake_clean_first=False, cmake_force_configure=False, ament_cmake_args=None, catkin_cmake_args=None, catkin_skip_building_tests=False, verb_parser=<colcon_defaults.argument_parser.defaults.DefaultArgumentsDecorator object at 0x7f1ef7f2bee0>, verb_extension=<colcon_core.verb.build.BuildVerb object at 0x7f1ef8747790>, main=<bound method BuildVerb.main of <colcon_core.verb.build.BuildVerb object at 0x7f1ef8747790>>)
[0.619s] Level 1:colcon.colcon_core.package_discovery:discover_packages(colcon_meta) check parameters
[0.619s] Level 1:colcon.colcon_core.package_discovery:discover_packages(recursive) check parameters
[0.619s] Level 1:colcon.colcon_core.package_discovery:discover_packages(ignore) check parameters
[0.619s] Level 1:colcon.colcon_core.package_discovery:discover_packages(path) check parameters
[0.619s] Level 1:colcon.colcon_core.package_discovery:discover_packages(colcon_meta) discover
[0.619s] Level 1:colcon.colcon_core.package_discovery:discover_packages(recursive) discover
[0.619s] INFO:colcon.colcon_core.package_discovery:Crawling recursively for packages in '/home/nekr/ros2_ws/src/depth_stop'
[0.619s] Level 1:colcon.colcon_core.package_identification:_identify(.) by extensions ['ignore', 'ignore_ament_install']
[0.620s] Level 1:colcon.colcon_core.package_identification:_identify(.) by extension 'ignore'
[0.620s] Level 1:colcon.colcon_core.package_identification:_identify(.) by extension 'ignore_ament_install'
[0.620s] Level 1:colcon.colcon_core.package_identification:_identify(.) by extensions ['colcon_pkg']
[0.620s] Level 1:colcon.colcon_core.package_identification:_identify(.) by extension 'colcon_pkg'
[0.620s] Level 1:colcon.colcon_core.package_identification:_identify(.) by extensions ['colcon_meta']
[0.620s] Level 1:colcon.colcon_core.package_identification:_identify(.) by extension 'colcon_meta'
[0.620s] Level 1:colcon.colcon_core.package_identification:_identify(.) by extensions ['ros']
[0.620s] Level 1:colcon.colcon_core.package_identification:_identify(.) by extension 'ros'
[0.639s] DEBUG:colcon.colcon_core.package_identification:Package '.' with type 'ros.ament_python' and name 'depth_stop'
[0.639s] Level 1:colcon.colcon_core.package_discovery:discover_packages(recursive) using defaults
[0.639s] Level 1:colcon.colcon_core.package_discovery:discover_packages(ignore) discover
[0.639s] Level 1:colcon.colcon_core.package_discovery:discover_packages(ignore) using defaults
[0.639s] Level 1:colcon.colcon_core.package_discovery:discover_packages(path) discover
[0.639s] Level 1:colcon.colcon_core.package_discovery:discover_packages(path) using defaults
[0.672s] Level 1:colcon.colcon_core.package_discovery:discover_packages(prefix_path) check parameters
[0.672s] Level 1:colcon.colcon_core.package_discovery:discover_packages(prefix_path) discover
[0.677s] DEBUG:colcon.colcon_installed_package_information.package_discovery:Found 1 installed packages in /home/nekr/ros2_ws/src/depth_stop/install
[0.679s] DEBUG:colcon.colcon_installed_package_information.package_discovery:Found 12 installed packages in /home/nekr/ws/install
[0.681s] DEBUG:colcon.colcon_installed_package_information.package_discovery:Found 288 installed packages in /opt/ros/humble
[0.684s] Level 1:colcon.colcon_core.package_discovery:discover_packages(prefix_path) using defaults
[0.775s] Level 5:colcon.colcon_core.verb:set package 'depth_stop' build argument 'cmake_args' from command line to 'None'
[0.775s] Level 5:colcon.colcon_core.verb:set package 'depth_stop' build argument 'cmake_target' from command line to 'None'
[0.775s] Level 5:colcon.colcon_core.verb:set package 'depth_stop' build argument 'cmake_target_skip_unavailable' from command line to 'False'
[0.775s] Level 5:colcon.colcon_core.verb:set package 'depth_stop' build argument 'cmake_clean_cache' from command line to 'False'
[0.775s] Level 5:colcon.colcon_core.verb:set package 'depth_stop' build argument 'cmake_clean_first' from command line to 'False'
[0.775s] Level 5:colcon.colcon_core.verb:set package 'depth_stop' build argument 'cmake_force_configure' from command line to 'False'
[0.775s] Level 5:colcon.colcon_core.verb:set package 'depth_stop' build argument 'ament_cmake_args' from command line to 'None'
[0.775s] Level 5:colcon.colcon_core.verb:set package 'depth_stop' build argument 'catkin_cmake_args' from command line to 'None'
[0.775s] Level 5:colcon.colcon_core.verb:set package 'depth_stop' build argument 'catkin_skip_building_tests' from command line to 'False'
[0.775s] DEBUG:colcon.colcon_core.verb:Building package 'depth_stop' with the following arguments: {'ament_cmake_args': None, 'build_base': '/home/nekr/ros2_ws/src/depth_stop/build/depth_stop', 'catkin_cmake_args': None, 'catkin_skip_building_tests': False, 'cmake_args': None, 'cmake_clean_cache': False, 'cmake_clean_first': False, 'cmake_force_configure': False, 'cmake_target': None, 'cmake_target_skip_unavailable': False, 'install_base': '/home/nekr/ros2_ws/src/depth_stop/install/depth_stop', 'merge_install': False, 'path': '/home/nekr/ros2_ws/src/depth_stop', 'symlink_install': False, 'test_result_base': None}
[0.776s] INFO:colcon.colcon_core.executor:Executing jobs using 'parallel' executor
[0.781s] DEBUG:colcon.colcon_parallel_executor.executor.parallel:run_until_complete
[0.782s] INFO:colcon.colcon_ros.task.ament_python.build:Building ROS package in '/home/nekr/ros2_ws/src/depth_stop' with build type 'ament_python'
[0.783s] Level 1:colcon.colcon_core.shell:create_environment_hook('depth_stop', 'ament_prefix_path')
[0.791s] INFO:colcon.colcon_core.plugin_system:Skipping extension 'colcon_core.shell.bat': Not used on non-Windows systems
[0.791s] INFO:colcon.colcon_core.shell:Creating environment hook '/home/nekr/ros2_ws/src/depth_stop/install/depth_stop/share/depth_stop/hook/ament_prefix_path.ps1'
[0.792s] INFO:colcon.colcon_core.shell:Creating environment descriptor '/home/nekr/ros2_ws/src/depth_stop/install/depth_stop/share/depth_stop/hook/ament_prefix_path.dsv'
[0.793s] INFO:colcon.colcon_core.shell:Creating environment hook '/home/nekr/ros2_ws/src/depth_stop/install/depth_stop/share/depth_stop/hook/ament_prefix_path.sh'
[0.796s] INFO:colcon.colcon_core.shell:Skip shell extension 'powershell' for command environment: Not usable outside of PowerShell
[0.796s] DEBUG:colcon.colcon_core.shell:Skip shell extension 'dsv' for command environment
[1.140s] INFO:colcon.colcon_core.task.python.build:Building Python package in '/home/nekr/ros2_ws/src/depth_stop'
[1.142s] INFO:colcon.colcon_core.shell:Skip shell extension 'powershell' for command environment: Not usable outside of PowerShell
[1.142s] DEBUG:colcon.colcon_core.shell:Skip shell extension 'dsv' for command environment
[1.573s] DEBUG:colcon.colcon_core.event_handler.log_command:Invoking command in '/home/nekr/ros2_ws/src/depth_stop': PYTHONPATH=/home/nekr/ros2_ws/src/depth_stop/build/depth_stop/prefix_override:/home/nekr/ros2_ws/src/depth_stop/install/depth_stop/lib/python3.10/site-packages:${PYTHONPATH} /usr/bin/python3 setup.py egg_info --egg-base build/depth_stop build --build-base /home/nekr/ros2_ws/src/depth_stop/build/depth_stop/build install --record /home/nekr/ros2_ws/src/depth_stop/build/depth_stop/install.log --single-version-externally-managed
[1.943s] DEBUG:colcon.colcon_core.event_handler.log_command:Invoked command in '/home/nekr/ros2_ws/src/depth_stop' returned '0': PYTHONPATH=/home/nekr/ros2_ws/src/depth_stop/build/depth_stop/prefix_override:/home/nekr/ros2_ws/src/depth_stop/install/depth_stop/lib/python3.10/site-packages:${PYTHONPATH} /usr/bin/python3 setup.py egg_info --egg-base build/depth_stop build --build-base /home/nekr/ros2_ws/src/depth_stop/build/depth_stop/build install --record /home/nekr/ros2_ws/src/depth_stop/build/depth_stop/install.log --single-version-externally-managed
[1.949s] Level 1:colcon.colcon_core.environment:checking '/home/nekr/ros2_ws/src/depth_stop/install/depth_stop' for CMake module files
[1.950s] Level 1:colcon.colcon_core.environment:checking '/home/nekr/ros2_ws/src/depth_stop/install/depth_stop' for CMake config files
[1.951s] Level 1:colcon.colcon_core.environment:checking '/home/nekr/ros2_ws/src/depth_stop/install/depth_stop/lib'
[1.951s] Level 1:colcon.colcon_core.environment:checking '/home/nekr/ros2_ws/src/depth_stop/install/depth_stop/bin'
[1.951s] Level 1:colcon.colcon_core.environment:checking '/home/nekr/ros2_ws/src/depth_stop/install/depth_stop/lib/pkgconfig/depth_stop.pc'
[1.951s] Level 1:colcon.colcon_core.environment:checking '/home/nekr/ros2_ws/src/depth_stop/install/depth_stop/lib/python3.10/site-packages'
[1.951s] Level 1:colcon.colcon_core.shell:create_environment_hook('depth_stop', 'pythonpath')
[1.953s] INFO:colcon.colcon_core.shell:Creating environment hook '/home/nekr/ros2_ws/src/depth_stop/install/depth_stop/share/depth_stop/hook/pythonpath.ps1'
[1.953s] INFO:colcon.colcon_core.shell:Creating environment descriptor '/home/nekr/ros2_ws/src/depth_stop/install/depth_stop/share/depth_stop/hook/pythonpath.dsv'
[1.954s] INFO:colcon.colcon_core.shell:Creating environment hook '/home/nekr/ros2_ws/src/depth_stop/install/depth_stop/share/depth_stop/hook/pythonpath.sh'
[1.955s] Level 1:colcon.colcon_core.environment:checking '/home/nekr/ros2_ws/src/depth_stop/install/depth_stop/bin'
[1.955s] Level 1:colcon.colcon_core.environment:create_environment_scripts_only(depth_stop)
[1.958s] INFO:colcon.colcon_core.shell:Creating package script '/home/nekr/ros2_ws/src/depth_stop/install/depth_stop/share/depth_stop/package.ps1'
[1.959s] INFO:colcon.colcon_core.shell:Creating package descriptor '/home/nekr/ros2_ws/src/depth_stop/install/depth_stop/share/depth_stop/package.dsv'
[1.960s] INFO:colcon.colcon_core.shell:Creating package script '/home/nekr/ros2_ws/src/depth_stop/install/depth_stop/share/depth_stop/package.sh'
[1.960s] INFO:colcon.colcon_core.shell:Creating package script '/home/nekr/ros2_ws/src/depth_stop/install/depth_stop/share/depth_stop/package.bash'
[1.961s] INFO:colcon.colcon_core.shell:Creating package script '/home/nekr/ros2_ws/src/depth_stop/install/depth_stop/share/depth_stop/package.zsh'
[1.962s] Level 1:colcon.colcon_core.environment:create_file_with_runtime_dependencies(/home/nekr/ros2_ws/src/depth_stop/install/depth_stop/share/colcon-core/packages/depth_stop)
[1.962s] DEBUG:colcon.colcon_parallel_executor.executor.parallel:closing loop
[1.963s] DEBUG:colcon.colcon_parallel_executor.executor.parallel:loop closed
[1.963s] DEBUG:colcon.colcon_parallel_executor.executor.parallel:run_until_complete finished with '0'
[1.963s] DEBUG:colcon.colcon_core.event_reactor:joining thread
[2.016s] INFO:colcon.colcon_core.plugin_system:Skipping extension 'colcon_notification.desktop_notification.notify_send': Could not find 'notify-send'
[2.017s] INFO:colcon.colcon_core.plugin_system:Skipping extension 'colcon_notification.desktop_notification.terminal_notifier': Not used on non-Darwin systems
[2.017s] INFO:colcon.colcon_core.plugin_system:Skipping extension 'colcon_notification.desktop_notification.win32': Not used on non-Windows systems
[2.017s] INFO:colcon.colcon_notification.desktop_notification:Sending desktop notification using 'notify2'
[2.017s] DEBUG:colcon.colcon_notification.desktop_notification.notify2:Failed to initialize notify2: org.freedesktop.DBus.Error.FileNotFound: Failed to connect to socket /run/user/1000/bus: No such file or directory
[2.017s] DEBUG:colcon.colcon_core.event_reactor:joined thread
[2.019s] INFO:colcon.colcon_core.shell:Creating prefix script '/home/nekr/ros2_ws/src/depth_stop/install/local_setup.ps1'
[2.020s] INFO:colcon.colcon_core.shell:Creating prefix util module '/home/nekr/ros2_ws/src/depth_stop/install/_local_setup_util_ps1.py'
[2.022s] INFO:colcon.colcon_core.shell:Creating prefix chain script '/home/nekr/ros2_ws/src/depth_stop/install/setup.ps1'
[2.025s] INFO:colcon.colcon_core.shell:Creating prefix script '/home/nekr/ros2_ws/src/depth_stop/install/local_setup.sh'
[2.026s] INFO:colcon.colcon_core.shell:Creating prefix util module '/home/nekr/ros2_ws/src/depth_stop/install/_local_setup_util_sh.py'
[2.027s] INFO:colcon.colcon_core.shell:Creating prefix chain script '/home/nekr/ros2_ws/src/depth_stop/install/setup.sh'
[2.029s] INFO:colcon.colcon_core.shell:Creating prefix script '/home/nekr/ros2_ws/src/depth_stop/install/local_setup.bash'
[2.030s] INFO:colcon.colcon_core.shell:Creating prefix chain script '/home/nekr/ros2_ws/src/depth_stop/install/setup.bash'
[2.032s] INFO:colcon.colcon_core.shell:Creating prefix script '/home/nekr/ros2_ws/src/depth_stop/install/local_setup.zsh'
[2.032s] INFO:colcon.colcon_core.shell:Creating prefix chain script '/home/nekr/ros2_ws/src/depth_stop/install/setup.zsh'
