running egg_info
writing build/depth_stop/depth_stop.egg-info/PKG-INFO
writing dependency_links to build/depth_stop/depth_stop.egg-info/dependency_links.txt
writing entry points to build/depth_stop/depth_stop.egg-info/entry_points.txt
writing requirements to build/depth_stop/depth_stop.egg-info/requires.txt
writing top-level names to build/depth_stop/depth_stop.egg-info/top_level.txt
reading manifest file 'build/depth_stop/depth_stop.egg-info/SOURCES.txt'
writing manifest file 'build/depth_stop/depth_stop.egg-info/SOURCES.txt'
running build
running build_py
running install
/usr/lib/python3/dist-packages/setuptools/command/install.py:34: SetuptoolsDeprecationWarning: setup.py install is deprecated. Use build and pip and other standards-based tools.
  warnings.warn(
running install_lib
running install_data
running install_egg_info
removing '/home/nekr/ros2_ws/src/depth_stop/install/depth_stop/lib/python3.10/site-packages/depth_stop-0.0.0-py3.10.egg-info' (and everything under it)
Copying build/depth_stop/depth_stop.egg-info to /home/nekr/ros2_ws/src/depth_stop/install/depth_stop/lib/python3.10/site-packages/depth_stop-0.0.0-py3.10.egg-info
running install_scripts
Installing depth_stop script to /home/nekr/ros2_ws/src/depth_stop/install/depth_stop/lib/depth_stop
writing list of installed files to '/home/nekr/ros2_ws/src/depth_stop/build/depth_stop/install.log'
