[0.835s] Invoking command in '/home/nekr/ros2_ws/src/depth_stop': PYTHONPATH=/home/nekr/ros2_ws/src/depth_stop/build/depth_stop/prefix_override:/home/nekr/ros2_ws/src/depth_stop/install/depth_stop/lib/python3.10/site-packages:${PYTHONPATH} /usr/bin/python3 setup.py egg_info --egg-base build/depth_stop build --build-base /home/nekr/ros2_ws/src/depth_stop/build/depth_stop/build install --record /home/nekr/ros2_ws/src/depth_stop/build/depth_stop/install.log --single-version-externally-managed
[1.134s] running egg_info
[1.135s] writing build/depth_stop/depth_stop.egg-info/PKG-INFO
[1.136s] writing dependency_links to build/depth_stop/depth_stop.egg-info/dependency_links.txt
[1.136s] writing entry points to build/depth_stop/depth_stop.egg-info/entry_points.txt
[1.136s] writing requirements to build/depth_stop/depth_stop.egg-info/requires.txt
[1.137s] writing top-level names to build/depth_stop/depth_stop.egg-info/top_level.txt
[1.140s] reading manifest file 'build/depth_stop/depth_stop.egg-info/SOURCES.txt'
[1.141s] writing manifest file 'build/depth_stop/depth_stop.egg-info/SOURCES.txt'
[1.142s] running build
[1.142s] running build_py
[1.142s] copying depth_stop/depth_stop.py -> /home/nekr/ros2_ws/src/depth_stop/build/depth_stop/build/lib/depth_stop
[1.142s] running install
[1.143s] /usr/lib/python3/dist-packages/setuptools/command/install.py:34: SetuptoolsDeprecationWarning: setup.py install is deprecated. Use build and pip and other standards-based tools.
[1.143s]   warnings.warn(
[1.143s] running install_lib
[1.144s] copying /home/nekr/ros2_ws/src/depth_stop/build/depth_stop/build/lib/depth_stop/depth_stop.py -> /home/nekr/ros2_ws/src/depth_stop/install/depth_stop/lib/python3.10/site-packages/depth_stop
[1.145s] byte-compiling /home/nekr/ros2_ws/src/depth_stop/install/depth_stop/lib/python3.10/site-packages/depth_stop/depth_stop.py to depth_stop.cpython-310.pyc
[1.146s] running install_data
[1.147s] running install_egg_info
[1.149s] removing '/home/nekr/ros2_ws/src/depth_stop/install/depth_stop/lib/python3.10/site-packages/depth_stop-0.0.0-py3.10.egg-info' (and everything under it)
[1.149s] Copying build/depth_stop/depth_stop.egg-info to /home/nekr/ros2_ws/src/depth_stop/install/depth_stop/lib/python3.10/site-packages/depth_stop-0.0.0-py3.10.egg-info
[1.151s] running install_scripts
[1.180s] Installing depth_stop script to /home/nekr/ros2_ws/src/depth_stop/install/depth_stop/lib/depth_stop
[1.180s] writing list of installed files to '/home/nekr/ros2_ws/src/depth_stop/build/depth_stop/install.log'
[1.230s] Invoked command in '/home/nekr/ros2_ws/src/depth_stop' returned '0': PYTHONPATH=/home/nekr/ros2_ws/src/depth_stop/build/depth_stop/prefix_override:/home/nekr/ros2_ws/src/depth_stop/install/depth_stop/lib/python3.10/site-packages:${PYTHONPATH} /usr/bin/python3 setup.py egg_info --egg-base build/depth_stop build --build-base /home/nekr/ros2_ws/src/depth_stop/build/depth_stop/build install --record /home/nekr/ros2_ws/src/depth_stop/build/depth_stop/install.log --single-version-externally-managed
