running egg_info
creating build/lidar_stop/lidar_stop.egg-info
writing build/lidar_stop/lidar_stop.egg-info/PKG-INFO
writing dependency_links to build/lidar_stop/lidar_stop.egg-info/dependency_links.txt
writing entry points to build/lidar_stop/lidar_stop.egg-info/entry_points.txt
writing requirements to build/lidar_stop/lidar_stop.egg-info/requires.txt
writing top-level names to build/lidar_stop/lidar_stop.egg-info/top_level.txt
writing manifest file 'build/lidar_stop/lidar_stop.egg-info/SOURCES.txt'
reading manifest file 'build/lidar_stop/lidar_stop.egg-info/SOURCES.txt'
writing manifest file 'build/lidar_stop/lidar_stop.egg-info/SOURCES.txt'
running build
running build_py
creating /home/nekr/ros2_ws/src/lidar_stop/build/lidar_stop/build
creating /home/nekr/ros2_ws/src/lidar_stop/build/lidar_stop/build/lib
creating /home/nekr/ros2_ws/src/lidar_stop/build/lidar_stop/build/lib/lidar_stop
copying lidar_stop/__init__.py -> /home/nekr/ros2_ws/src/lidar_stop/build/lidar_stop/build/lib/lidar_stop
copying lidar_stop/lidar_stop.py -> /home/nekr/ros2_ws/src/lidar_stop/build/lidar_stop/build/lib/lidar_stop
running install
running install_lib
creating /home/nekr/ros2_ws/src/lidar_stop/install/lidar_stop/lib/python3.10/site-packages/lidar_stop
copying /home/nekr/ros2_ws/src/lidar_stop/build/lidar_stop/build/lib/lidar_stop/__init__.py -> /home/nekr/ros2_ws/src/lidar_stop/install/lidar_stop/lib/python3.10/site-packages/lidar_stop
copying /home/nekr/ros2_ws/src/lidar_stop/build/lidar_stop/build/lib/lidar_stop/lidar_stop.py -> /home/nekr/ros2_ws/src/lidar_stop/install/lidar_stop/lib/python3.10/site-packages/lidar_stop
byte-compiling /home/nekr/ros2_ws/src/lidar_stop/install/lidar_stop/lib/python3.10/site-packages/lidar_stop/__init__.py to __init__.cpython-310.pyc
byte-compiling /home/nekr/ros2_ws/src/lidar_stop/install/lidar_stop/lib/python3.10/site-packages/lidar_stop/lidar_stop.py to lidar_stop.cpython-310.pyc
running install_data
creating /home/nekr/ros2_ws/src/lidar_stop/install/lidar_stop/share/ament_index
creating /home/nekr/ros2_ws/src/lidar_stop/install/lidar_stop/share/ament_index/resource_index
creating /home/nekr/ros2_ws/src/lidar_stop/install/lidar_stop/share/ament_index/resource_index/packages
copying resource/lidar_stop -> /home/nekr/ros2_ws/src/lidar_stop/install/lidar_stop/share/ament_index/resource_index/packages
copying package.xml -> /home/nekr/ros2_ws/src/lidar_stop/install/lidar_stop/share/lidar_stop
running install_egg_info
Copying build/lidar_stop/lidar_stop.egg-info to /home/nekr/ros2_ws/src/lidar_stop/install/lidar_stop/lib/python3.10/site-packages/lidar_stop-0.0.0-py3.10.egg-info
running install_scripts
Installing lidar_stop script to /home/nekr/ros2_ws/src/lidar_stop/install/lidar_stop/lib/lidar_stop
writing list of installed files to '/home/nekr/ros2_ws/src/lidar_stop/build/lidar_stop/install.log'
